The system is: Darwin - 9.8.0 - i386
Compiling the C compiler identification source file "CMakeCCompilerId.c" succeeded.
Compiler: /usr/bin/gcc 
Build flags: 
Id flags: 

The output was:
0


Compilation of the C compiler identification source "CMakeCCompilerId.c" produced "a.out"

The C compiler identification is GNU, found in "/Users/kail/imClever/dev/iCubBabble/xcode/CMakeFiles/CompilerIdC/a.out"

Compiling the CXX compiler identification source file "CMakeCXXCompilerId.cpp" succeeded.
Compiler: /usr/bin/g++ 
Build flags: 
Id flags: 

The output was:
0


Compilation of the CXX compiler identification source "CMakeCXXCompilerId.cpp" produced "a.out"

The CXX compiler identification is GNU, found in "/Users/kail/imClever/dev/iCubBabble/xcode/CMakeFiles/CompilerIdCXX/a.out"

Determining if the C compiler works passed with the following output:
Change Dir: /Users/kail/imClever/dev/iCubBabble/xcode/CMakeFiles/CMakeTmp

Run Build Command:/opt/local/bin/cmakexbuild -project CMAKE_TRY_COMPILE.xcodeproj build -target cmTryCompileExec -configuration Debug
=== BUILDING NATIVE TARGET cmTryCompileExec OF PROJECT CMAKE_TRY_COMPILE WITH CONFIGURATION Debug ===

Checking Dependencies...

PhaseScriptExecution /Users/kail/imClever/dev/iCubBabble/xcode/CMakeFiles/CMakeTmp/CMAKE_TRY_COMPILE.build/Debug/cmTryCompileExec.build/Script-593390593390593390000000.sh
    cd /Users/kail/imClever/dev/iCubBabble/xcode/CMakeFiles/CMakeTmp
    /bin/sh -c /Users/kail/imClever/dev/iCubBabble/xcode/CMakeFiles/CMakeTmp/CMAKE_TRY_COMPILE.build/Debug/cmTryCompileExec.build/Script-593390593390593390000000.sh
make: `CMakeFiles/cmake.check_cache' is up to date.

CompileC CMAKE_TRY_COMPILE.build/Debug/cmTryCompileExec.build/Objects-normal/i386/testCCompiler.o /Users/kail/imClever/dev/iCubBabble/xcode/CMakeFiles/CMakeTmp/testCCompiler.c normal i386 c com.apple.compilers.gcc.4_0
    cd /Users/kail/imClever/dev/iCubBabble/xcode/CMakeFiles/CMakeTmp
    /Developer/usr/bin/gcc-4.0 -x c -arch i386 -fmessage-length=0 -pipe -Wno-trigraphs -fpascal-strings -fasm-blocks -O0 -mdynamic-no-pic -DCMAKE_INTDIR="Debug" -isysroot /Developer/SDKs/MacOSX10.5.sdk -mmacosx-version-min=10.5 -gdwarf-2 -Wmost -Wno-four-char-constants -Wno-unknown-pragmas -F/Users/kail/imClever/dev/iCubBabble/xcode/CMakeFiles/CMakeTmp/Debug -I/Users/kail/imClever/dev/iCubBabble/xcode/CMakeFiles/CMakeTmp/Debug/include -I/Users/kail/imClever/dev/iCubBabble/xcode/CMakeFiles/CMakeTmp/CMAKE_TRY_COMPILE.build/Debug/cmTryCompileExec.build/DerivedSources/i386 -I/Users/kail/imClever/dev/iCubBabble/xcode/CMakeFiles/CMakeTmp/CMAKE_TRY_COMPILE.build/Debug/cmTryCompileExec.build/DerivedSources -c /Users/kail/imClever/dev/iCubBabble/xcode/CMakeFiles/CMakeTmp/testCCompiler.c -o /Users/kail/imClever/dev/iCubBabble/xcode/CMakeFiles/CMakeTmp/CMAKE_TRY_COMPILE.build/Debug/cmTryCompileExec.build/Objects-normal/i386/testCCompiler.o

Ld /Users/kail/imClever/dev/iCubBabble/xcode/CMakeFiles/CMakeTmp/Debug/cmTryCompileExec normal i386
    mkdir /Users/kail/imClever/dev/iCubBabble/xcode/CMakeFiles/CMakeTmp/Debug
    cd /Users/kail/imClever/dev/iCubBabble/xcode/CMakeFiles/CMakeTmp
    /Developer/usr/bin/gcc-4.0 -arch i386 -isysroot /Developer/SDKs/MacOSX10.5.sdk -L/Users/kail/imClever/dev/iCubBabble/xcode/CMakeFiles/CMakeTmp/Debug -F/Users/kail/imClever/dev/iCubBabble/xcode/CMakeFiles/CMakeTmp/Debug -filelist /Users/kail/imClever/dev/iCubBabble/xcode/CMakeFiles/CMakeTmp/CMAKE_TRY_COMPILE.build/Debug/cmTryCompileExec.build/Objects-normal/i386/cmTryCompileExec.LinkFileList -mmacosx-version-min=10.5 -Wl,-search_paths_first -headerpad_max_install_names -o /Users/kail/imClever/dev/iCubBabble/xcode/CMakeFiles/CMakeTmp/Debug/cmTryCompileExec

PhaseScriptExecution /Users/kail/imClever/dev/iCubBabble/xcode/CMakeFiles/CMakeTmp/CMAKE_TRY_COMPILE.build/Debug/cmTryCompileExec.build/Script-593B30593B30593B30000000.sh
    cd /Users/kail/imClever/dev/iCubBabble/xcode/CMakeFiles/CMakeTmp
    /bin/sh -c /Users/kail/imClever/dev/iCubBabble/xcode/CMakeFiles/CMakeTmp/CMAKE_TRY_COMPILE.build/Debug/cmTryCompileExec.build/Script-593B30593B30593B30000000.sh
echo "Depend check for xcode"
Depend check for xcode
cd /Users/kail/imClever/dev/iCubBabble/xcode/CMakeFiles/CMakeTmp && make -C /Users/kail/imClever/dev/iCubBabble/xcode/CMakeFiles/CMakeTmp -f /Users/kail/imClever/dev/iCubBabble/xcode/CMakeFiles/CMakeTmp/CMakeScripts/XCODE_DEPEND_HELPER.make all.Debug
make[1]: Nothing to be done for `all.Debug'.
** BUILD SUCCEEDED **


Detecting C compiler ABI info compiled with the following output:
Change Dir: /Users/kail/imClever/dev/iCubBabble/xcode/CMakeFiles/CMakeTmp

Run Build Command:/opt/local/bin/cmakexbuild -project CMAKE_TRY_COMPILE.xcodeproj build -target cmTryCompileExec -configuration Debug
=== BUILDING NATIVE TARGET cmTryCompileExec OF PROJECT CMAKE_TRY_COMPILE WITH CONFIGURATION Debug ===

Checking Dependencies...

PhaseScriptExecution /Users/kail/imClever/dev/iCubBabble/xcode/CMakeFiles/CMakeTmp/CMAKE_TRY_COMPILE.build/Debug/cmTryCompileExec.build/Script-59C89059C89059C890000000.sh
    cd /Users/kail/imClever/dev/iCubBabble/xcode/CMakeFiles/CMakeTmp
    /bin/sh -c /Users/kail/imClever/dev/iCubBabble/xcode/CMakeFiles/CMakeTmp/CMAKE_TRY_COMPILE.build/Debug/cmTryCompileExec.build/Script-59C89059C89059C890000000.sh
make: `CMakeFiles/cmake.check_cache' is up to date.

CompileC CMAKE_TRY_COMPILE.build/Debug/cmTryCompileExec.build/Objects-normal/i386/CMakeCCompilerABI.o /Users/kail/imClever/dev/iCubBabble/xcode/CMakeFiles/CMakeTmp/../../../../../../../../opt/local/share/cmake-2.8/Modules/CMakeCCompilerABI.c normal i386 c com.apple.compilers.gcc.4_0
    cd /Users/kail/imClever/dev/iCubBabble/xcode/CMakeFiles/CMakeTmp
    /Developer/usr/bin/gcc-4.0 -x c -arch i386 -fmessage-length=0 -pipe -Wno-trigraphs -fpascal-strings -fasm-blocks -O0 -mdynamic-no-pic -DCMAKE_INTDIR="Debug" -isysroot /Developer/SDKs/MacOSX10.5.sdk -mmacosx-version-min=10.5 -gdwarf-2 -Wmost -Wno-four-char-constants -Wno-unknown-pragmas -F/Users/kail/imClever/dev/iCubBabble/xcode/CMakeFiles/CMakeTmp/Debug -I/Users/kail/imClever/dev/iCubBabble/xcode/CMakeFiles/CMakeTmp/Debug/include -I/Users/kail/imClever/dev/iCubBabble/xcode/CMakeFiles/CMakeTmp/CMAKE_TRY_COMPILE.build/Debug/cmTryCompileExec.build/DerivedSources/i386 -I/Users/kail/imClever/dev/iCubBabble/xcode/CMakeFiles/CMakeTmp/CMAKE_TRY_COMPILE.build/Debug/cmTryCompileExec.build/DerivedSources -c /Users/kail/imClever/dev/iCubBabble/xcode/CMakeFiles/CMakeTmp/../../../../../../../../opt/local/share/cmake-2.8/Modules/CMakeCCompilerABI.c -o /Users/kail/imClever/dev/iCubBabble/xcode/CMakeFiles/CMakeTmp/CMAKE_TRY_COMPILE.build/Debug/cmTryCompileExec.build/Objects-normal/i386/CMakeCCompilerABI.o

Ld /Users/kail/imClever/dev/iCubBabble/xcode/CMakeFiles/CMakeTmp/Debug/cmTryCompileExec normal i386
    cd /Users/kail/imClever/dev/iCubBabble/xcode/CMakeFiles/CMakeTmp
    /Developer/usr/bin/gcc-4.0 -arch i386 -isysroot /Developer/SDKs/MacOSX10.5.sdk -L/Users/kail/imClever/dev/iCubBabble/xcode/CMakeFiles/CMakeTmp/Debug -F/Users/kail/imClever/dev/iCubBabble/xcode/CMakeFiles/CMakeTmp/Debug -filelist /Users/kail/imClever/dev/iCubBabble/xcode/CMakeFiles/CMakeTmp/CMAKE_TRY_COMPILE.build/Debug/cmTryCompileExec.build/Objects-normal/i386/cmTryCompileExec.LinkFileList -mmacosx-version-min=10.5 -v -Wl,-search_paths_first -headerpad_max_install_names -o /Users/kail/imClever/dev/iCubBabble/xcode/CMakeFiles/CMakeTmp/Debug/cmTryCompileExec
Using built-in specs.
Target: i686-apple-darwin9
Configured with: /var/tmp/gcc/gcc-5493~1/src/configure --disable-checking -enable-werror --prefix=/usr --mandir=/share/man --enable-languages=c,objc,c++,obj-c++ --program-transform-name=/^[cg][^.-]*$/s/$/-4.0/ --with-gxx-include-dir=/include/c++/4.0.0 --with-slibdir=/usr/lib --build=i686-apple-darwin9 --with-arch=apple --with-tune=generic --host=i686-apple-darwin9 --target=i686-apple-darwin9
Thread model: posix
gcc version 4.0.1 (Apple Inc. build 5493)
 /Developer/usr/bin/../libexec/gcc/i686-apple-darwin9/4.0.1/collect2 -dynamic -arch i386 -headerpad_max_install_names -macosx_version_min 10.5 -syslibroot /Developer/SDKs/MacOSX10.5.sdk -weak_reference_mismatches non-weak -o /Users/kail/imClever/dev/iCubBabble/xcode/CMakeFiles/CMakeTmp/Debug/cmTryCompileExec -lcrt1.10.5.o -L/Users/kail/imClever/dev/iCubBabble/xcode/CMakeFiles/CMakeTmp/Debug -L/Developer/SDKs/MacOSX10.5.sdk/usr/lib/i686-apple-darwin9/4.0.1 -L/Developer/SDKs/MacOSX10.5.sdk/usr/lib -L/Developer/usr/bin/../lib/gcc/i686-apple-darwin9/4.0.1 -L/Developer/usr/bin/../lib/gcc -L/usr/lib/gcc/i686-apple-darwin9/4.0.1 -L/usr/lib/gcc/i686-apple-darwin9/4.0.1 -L/Developer/usr/bin/../lib/gcc/i686-apple-darwin9/4.0.1/../../../i686-apple-darwin9/4.0.1 -L/Developer/usr/bin/../lib/gcc/i686-apple-darwin9/4.0.1/../../.. -L/Developer/SDKs/MacOSX10.5.sdk/usr/lib/gcc/i686-apple-darwin9/4.0.1/../../../i686-apple-darwin9/4.0.1 -L/Developer/SDKs/MacOSX10.5.sdk/usr/lib/gcc/i686-apple-darwin9/4.0.1/../../.. -filelist /Users/kail/imClever/dev/iCubBabble/xcode/CMakeFiles/CMakeTmp/CMAKE_TRY_COMPILE.build/Debug/cmTryCompileExec.build/Objects-normal/i386/cmTryCompileExec.LinkFileList -search_paths_first -lgcc_s.10.5 -lgcc -lSystem -F/Users/kail/imClever/dev/iCubBabble/xcode/CMakeFiles/CMakeTmp/Debug

PhaseScriptExecution /Users/kail/imClever/dev/iCubBabble/xcode/CMakeFiles/CMakeTmp/CMAKE_TRY_COMPILE.build/Debug/cmTryCompileExec.build/Script-59D0A059D0A059D0A0000000.sh
    cd /Users/kail/imClever/dev/iCubBabble/xcode/CMakeFiles/CMakeTmp
    /bin/sh -c /Users/kail/imClever/dev/iCubBabble/xcode/CMakeFiles/CMakeTmp/CMAKE_TRY_COMPILE.build/Debug/cmTryCompileExec.build/Script-59D0A059D0A059D0A0000000.sh
echo "Depend check for xcode"
Depend check for xcode
cd /Users/kail/imClever/dev/iCubBabble/xcode/CMakeFiles/CMakeTmp && make -C /Users/kail/imClever/dev/iCubBabble/xcode/CMakeFiles/CMakeTmp -f /Users/kail/imClever/dev/iCubBabble/xcode/CMakeFiles/CMakeTmp/CMakeScripts/XCODE_DEPEND_HELPER.make all.Debug
make[1]: Nothing to be done for `all.Debug'.
** BUILD SUCCEEDED **


Determining if the CXX compiler works passed with the following output:
Change Dir: /Users/kail/imClever/dev/iCubBabble/xcode/CMakeFiles/CMakeTmp

Run Build Command:/opt/local/bin/cmakexbuild -project CMAKE_TRY_COMPILE.xcodeproj build -target cmTryCompileExec -configuration Debug
=== BUILDING NATIVE TARGET cmTryCompileExec OF PROJECT CMAKE_TRY_COMPILE WITH CONFIGURATION Debug ===

Checking Dependencies...

PhaseScriptExecution /Users/kail/imClever/dev/iCubBabble/xcode/CMakeFiles/CMakeTmp/CMAKE_TRY_COMPILE.build/Debug/cmTryCompileExec.build/Script-59CA2059CA2059CA20000000.sh
    cd /Users/kail/imClever/dev/iCubBabble/xcode/CMakeFiles/CMakeTmp
    /bin/sh -c /Users/kail/imClever/dev/iCubBabble/xcode/CMakeFiles/CMakeTmp/CMAKE_TRY_COMPILE.build/Debug/cmTryCompileExec.build/Script-59CA2059CA2059CA20000000.sh
make: `CMakeFiles/cmake.check_cache' is up to date.

CompileC CMAKE_TRY_COMPILE.build/Debug/cmTryCompileExec.build/Objects-normal/i386/testCXXCompiler.o /Users/kail/imClever/dev/iCubBabble/xcode/CMakeFiles/CMakeTmp/testCXXCompiler.cxx normal i386 c++ com.apple.compilers.gcc.4_0
    cd /Users/kail/imClever/dev/iCubBabble/xcode/CMakeFiles/CMakeTmp
    /Developer/usr/bin/gcc-4.0 -x c++ -arch i386 -fmessage-length=0 -pipe -Wno-trigraphs -fpascal-strings -fasm-blocks -O0 -mdynamic-no-pic -DCMAKE_INTDIR="Debug" -isysroot /Developer/SDKs/MacOSX10.5.sdk -mmacosx-version-min=10.5 -gdwarf-2 -Wmost -Wno-four-char-constants -Wno-unknown-pragmas -F/Users/kail/imClever/dev/iCubBabble/xcode/CMakeFiles/CMakeTmp/Debug -I/Users/kail/imClever/dev/iCubBabble/xcode/CMakeFiles/CMakeTmp/Debug/include -I/Users/kail/imClever/dev/iCubBabble/xcode/CMakeFiles/CMakeTmp/CMAKE_TRY_COMPILE.build/Debug/cmTryCompileExec.build/DerivedSources/i386 -I/Users/kail/imClever/dev/iCubBabble/xcode/CMakeFiles/CMakeTmp/CMAKE_TRY_COMPILE.build/Debug/cmTryCompileExec.build/DerivedSources -c /Users/kail/imClever/dev/iCubBabble/xcode/CMakeFiles/CMakeTmp/testCXXCompiler.cxx -o /Users/kail/imClever/dev/iCubBabble/xcode/CMakeFiles/CMakeTmp/CMAKE_TRY_COMPILE.build/Debug/cmTryCompileExec.build/Objects-normal/i386/testCXXCompiler.o

Ld /Users/kail/imClever/dev/iCubBabble/xcode/CMakeFiles/CMakeTmp/Debug/cmTryCompileExec normal i386
    cd /Users/kail/imClever/dev/iCubBabble/xcode/CMakeFiles/CMakeTmp
    /Developer/usr/bin/g++-4.0 -arch i386 -isysroot /Developer/SDKs/MacOSX10.5.sdk -L/Users/kail/imClever/dev/iCubBabble/xcode/CMakeFiles/CMakeTmp/Debug -F/Users/kail/imClever/dev/iCubBabble/xcode/CMakeFiles/CMakeTmp/Debug -filelist /Users/kail/imClever/dev/iCubBabble/xcode/CMakeFiles/CMakeTmp/CMAKE_TRY_COMPILE.build/Debug/cmTryCompileExec.build/Objects-normal/i386/cmTryCompileExec.LinkFileList -mmacosx-version-min=10.5 -Wl,-search_paths_first -headerpad_max_install_names -o /Users/kail/imClever/dev/iCubBabble/xcode/CMakeFiles/CMakeTmp/Debug/cmTryCompileExec

PhaseScriptExecution /Users/kail/imClever/dev/iCubBabble/xcode/CMakeFiles/CMakeTmp/CMAKE_TRY_COMPILE.build/Debug/cmTryCompileExec.build/Script-59D23059D23059D230000000.sh
    cd /Users/kail/imClever/dev/iCubBabble/xcode/CMakeFiles/CMakeTmp
    /bin/sh -c /Users/kail/imClever/dev/iCubBabble/xcode/CMakeFiles/CMakeTmp/CMAKE_TRY_COMPILE.build/Debug/cmTryCompileExec.build/Script-59D23059D23059D230000000.sh
echo "Depend check for xcode"
Depend check for xcode
cd /Users/kail/imClever/dev/iCubBabble/xcode/CMakeFiles/CMakeTmp && make -C /Users/kail/imClever/dev/iCubBabble/xcode/CMakeFiles/CMakeTmp -f /Users/kail/imClever/dev/iCubBabble/xcode/CMakeFiles/CMakeTmp/CMakeScripts/XCODE_DEPEND_HELPER.make all.Debug
make[1]: Nothing to be done for `all.Debug'.
** BUILD SUCCEEDED **


Detecting CXX compiler ABI info compiled with the following output:
Change Dir: /Users/kail/imClever/dev/iCubBabble/xcode/CMakeFiles/CMakeTmp

Run Build Command:/opt/local/bin/cmakexbuild -project CMAKE_TRY_COMPILE.xcodeproj build -target cmTryCompileExec -configuration Debug
=== BUILDING NATIVE TARGET cmTryCompileExec OF PROJECT CMAKE_TRY_COMPILE WITH CONFIGURATION Debug ===

Checking Dependencies...

PhaseScriptExecution /Users/kail/imClever/dev/iCubBabble/xcode/CMakeFiles/CMakeTmp/CMAKE_TRY_COMPILE.build/Debug/cmTryCompileExec.build/Script-5A60005A60005A6000000000.sh
    cd /Users/kail/imClever/dev/iCubBabble/xcode/CMakeFiles/CMakeTmp
    /bin/sh -c /Users/kail/imClever/dev/iCubBabble/xcode/CMakeFiles/CMakeTmp/CMAKE_TRY_COMPILE.build/Debug/cmTryCompileExec.build/Script-5A60005A60005A6000000000.sh
make: `CMakeFiles/cmake.check_cache' is up to date.

CompileC CMAKE_TRY_COMPILE.build/Debug/cmTryCompileExec.build/Objects-normal/i386/CMakeCXXCompilerABI.o /Users/kail/imClever/dev/iCubBabble/xcode/CMakeFiles/CMakeTmp/../../../../../../../../opt/local/share/cmake-2.8/Modules/CMakeCXXCompilerABI.cpp normal i386 c++ com.apple.compilers.gcc.4_0
    cd /Users/kail/imClever/dev/iCubBabble/xcode/CMakeFiles/CMakeTmp
    /Developer/usr/bin/gcc-4.0 -x c++ -arch i386 -fmessage-length=0 -pipe -Wno-trigraphs -fpascal-strings -fasm-blocks -O0 -mdynamic-no-pic -DCMAKE_INTDIR="Debug" -isysroot /Developer/SDKs/MacOSX10.5.sdk -mmacosx-version-min=10.5 -gdwarf-2 -Wmost -Wno-four-char-constants -Wno-unknown-pragmas -F/Users/kail/imClever/dev/iCubBabble/xcode/CMakeFiles/CMakeTmp/Debug -I/Users/kail/imClever/dev/iCubBabble/xcode/CMakeFiles/CMakeTmp/Debug/include -I/Users/kail/imClever/dev/iCubBabble/xcode/CMakeFiles/CMakeTmp/CMAKE_TRY_COMPILE.build/Debug/cmTryCompileExec.build/DerivedSources/i386 -I/Users/kail/imClever/dev/iCubBabble/xcode/CMakeFiles/CMakeTmp/CMAKE_TRY_COMPILE.build/Debug/cmTryCompileExec.build/DerivedSources -c /Users/kail/imClever/dev/iCubBabble/xcode/CMakeFiles/CMakeTmp/../../../../../../../../opt/local/share/cmake-2.8/Modules/CMakeCXXCompilerABI.cpp -o /Users/kail/imClever/dev/iCubBabble/xcode/CMakeFiles/CMakeTmp/CMAKE_TRY_COMPILE.build/Debug/cmTryCompileExec.build/Objects-normal/i386/CMakeCXXCompilerABI.o

Ld /Users/kail/imClever/dev/iCubBabble/xcode/CMakeFiles/CMakeTmp/Debug/cmTryCompileExec normal i386
    cd /Users/kail/imClever/dev/iCubBabble/xcode/CMakeFiles/CMakeTmp
    /Developer/usr/bin/g++-4.0 -arch i386 -isysroot /Developer/SDKs/MacOSX10.5.sdk -L/Users/kail/imClever/dev/iCubBabble/xcode/CMakeFiles/CMakeTmp/Debug -F/Users/kail/imClever/dev/iCubBabble/xcode/CMakeFiles/CMakeTmp/Debug -filelist /Users/kail/imClever/dev/iCubBabble/xcode/CMakeFiles/CMakeTmp/CMAKE_TRY_COMPILE.build/Debug/cmTryCompileExec.build/Objects-normal/i386/cmTryCompileExec.LinkFileList -mmacosx-version-min=10.5 -v -Wl,-search_paths_first -headerpad_max_install_names -o /Users/kail/imClever/dev/iCubBabble/xcode/CMakeFiles/CMakeTmp/Debug/cmTryCompileExec
Using built-in specs.
Target: i686-apple-darwin9
Configured with: /var/tmp/gcc/gcc-5493~1/src/configure --disable-checking -enable-werror --prefix=/usr --mandir=/share/man --enable-languages=c,objc,c++,obj-c++ --program-transform-name=/^[cg][^.-]*$/s/$/-4.0/ --with-gxx-include-dir=/include/c++/4.0.0 --with-slibdir=/usr/lib --build=i686-apple-darwin9 --with-arch=apple --with-tune=generic --host=i686-apple-darwin9 --target=i686-apple-darwin9
Thread model: posix
gcc version 4.0.1 (Apple Inc. build 5493)
 /Developer/usr/bin/../libexec/gcc/i686-apple-darwin9/4.0.1/collect2 -dynamic -arch i386 -headerpad_max_install_names -macosx_version_min 10.5 -syslibroot /Developer/SDKs/MacOSX10.5.sdk -weak_reference_mismatches non-weak -o /Users/kail/imClever/dev/iCubBabble/xcode/CMakeFiles/CMakeTmp/Debug/cmTryCompileExec -lcrt1.10.5.o -L/Users/kail/imClever/dev/iCubBabble/xcode/CMakeFiles/CMakeTmp/Debug -L/Developer/SDKs/MacOSX10.5.sdk/usr/lib/i686-apple-darwin9/4.0.1 -L/Developer/SDKs/MacOSX10.5.sdk/usr/lib -L/Developer/usr/bin/../lib/gcc/i686-apple-darwin9/4.0.1 -L/Developer/usr/bin/../lib/gcc -L/usr/lib/gcc/i686-apple-darwin9/4.0.1 -L/usr/lib/gcc/i686-apple-darwin9/4.0.1 -L/Developer/usr/bin/../lib/gcc/i686-apple-darwin9/4.0.1/../../../i686-apple-darwin9/4.0.1 -L/Developer/usr/bin/../lib/gcc/i686-apple-darwin9/4.0.1/../../.. -L/Developer/SDKs/MacOSX10.5.sdk/usr/lib/gcc/i686-apple-darwin9/4.0.1/../../../i686-apple-darwin9/4.0.1 -L/Developer/SDKs/MacOSX10.5.sdk/usr/lib/gcc/i686-apple-darwin9/4.0.1/../../.. -filelist /Users/kail/imClever/dev/iCubBabble/xcode/CMakeFiles/CMakeTmp/CMAKE_TRY_COMPILE.build/Debug/cmTryCompileExec.build/Objects-normal/i386/cmTryCompileExec.LinkFileList -search_paths_first -lstdc++ -lgcc_s.10.5 -lgcc -lSystem -F/Users/kail/imClever/dev/iCubBabble/xcode/CMakeFiles/CMakeTmp/Debug

PhaseScriptExecution /Users/kail/imClever/dev/iCubBabble/xcode/CMakeFiles/CMakeTmp/CMAKE_TRY_COMPILE.build/Debug/cmTryCompileExec.build/Script-5A68105A68105A6810000000.sh
    cd /Users/kail/imClever/dev/iCubBabble/xcode/CMakeFiles/CMakeTmp
    /bin/sh -c /Users/kail/imClever/dev/iCubBabble/xcode/CMakeFiles/CMakeTmp/CMAKE_TRY_COMPILE.build/Debug/cmTryCompileExec.build/Script-5A68105A68105A6810000000.sh
echo "Depend check for xcode"
Depend check for xcode
cd /Users/kail/imClever/dev/iCubBabble/xcode/CMakeFiles/CMakeTmp && make -C /Users/kail/imClever/dev/iCubBabble/xcode/CMakeFiles/CMakeTmp -f /Users/kail/imClever/dev/iCubBabble/xcode/CMakeFiles/CMakeTmp/CMakeScripts/XCODE_DEPEND_HELPER.make all.Debug
make[1]: Nothing to be done for `all.Debug'.
** BUILD SUCCEEDED **


Determining if the Q_WS_MAC exist passed with the following output:
Change Dir: /Users/kail/imClever/dev/iCubBabble/xcode/CMakeFiles/CMakeTmp

Run Build Command:/opt/local/bin/cmakexbuild -project CMAKE_TRY_COMPILE.xcodeproj build -target cmTryCompileExec -configuration Debug
=== BUILDING NATIVE TARGET cmTryCompileExec OF PROJECT CMAKE_TRY_COMPILE WITH CONFIGURATION Debug ===

Checking Dependencies...

PhaseScriptExecution /Users/kail/imClever/dev/iCubBabble/xcode/CMakeFiles/CMakeTmp/CMAKE_TRY_COMPILE.build/Debug/cmTryCompileExec.build/Script-5CAE405CAE405CAE40000000.sh
    cd /Users/kail/imClever/dev/iCubBabble/xcode/CMakeFiles/CMakeTmp
    /bin/sh -c /Users/kail/imClever/dev/iCubBabble/xcode/CMakeFiles/CMakeTmp/CMAKE_TRY_COMPILE.build/Debug/cmTryCompileExec.build/Script-5CAE405CAE405CAE40000000.sh
make: `CMakeFiles/cmake.check_cache' is up to date.

CompileC CMAKE_TRY_COMPILE.build/Debug/cmTryCompileExec.build/Objects-normal/i386/CheckSymbolExists.o /Users/kail/imClever/dev/iCubBabble/xcode/CMakeFiles/CMakeTmp/CheckSymbolExists.c normal i386 c com.apple.compilers.gcc.4_0
    cd /Users/kail/imClever/dev/iCubBabble/xcode/CMakeFiles/CMakeTmp
    /Developer/usr/bin/gcc-4.0 -x c -arch i386 -fmessage-length=0 -pipe -Wno-trigraphs -fpascal-strings -fasm-blocks -O0 -mdynamic-no-pic -DCMAKE_INTDIR="Debug" -isysroot /Developer/SDKs/MacOSX10.5.sdk -mmacosx-version-min=10.5 -gdwarf-2 -Wmost -Wno-four-char-constants -Wno-unknown-pragmas -F/Users/kail/imClever/dev/iCubBabble/xcode/CMakeFiles/CMakeTmp/Debug -I/Users/kail/imClever/dev/iCubBabble/xcode/CMakeFiles/CMakeTmp/Debug/include -I/Users/kail/imClever/dev/iCubBabble/xcode/CMakeFiles/CMakeTmp/CMAKE_TRY_COMPILE.build/Debug/cmTryCompileExec.build/DerivedSources/i386 -I/Users/kail/imClever/dev/iCubBabble/xcode/CMakeFiles/CMakeTmp/CMAKE_TRY_COMPILE.build/Debug/cmTryCompileExec.build/DerivedSources -F/Library/Frameworks -c /Users/kail/imClever/dev/iCubBabble/xcode/CMakeFiles/CMakeTmp/CheckSymbolExists.c -o /Users/kail/imClever/dev/iCubBabble/xcode/CMakeFiles/CMakeTmp/CMAKE_TRY_COMPILE.build/Debug/cmTryCompileExec.build/Objects-normal/i386/CheckSymbolExists.o

Ld /Users/kail/imClever/dev/iCubBabble/xcode/CMakeFiles/CMakeTmp/Debug/cmTryCompileExec normal i386
    cd /Users/kail/imClever/dev/iCubBabble/xcode/CMakeFiles/CMakeTmp
    /Developer/usr/bin/gcc-4.0 -arch i386 -isysroot /Developer/SDKs/MacOSX10.5.sdk -L/Users/kail/imClever/dev/iCubBabble/xcode/CMakeFiles/CMakeTmp/Debug -F/Users/kail/imClever/dev/iCubBabble/xcode/CMakeFiles/CMakeTmp/Debug -filelist /Users/kail/imClever/dev/iCubBabble/xcode/CMakeFiles/CMakeTmp/CMAKE_TRY_COMPILE.build/Debug/cmTryCompileExec.build/Objects-normal/i386/cmTryCompileExec.LinkFileList -mmacosx-version-min=10.5 -Wl,-search_paths_first -headerpad_max_install_names -o /Users/kail/imClever/dev/iCubBabble/xcode/CMakeFiles/CMakeTmp/Debug/cmTryCompileExec

PhaseScriptExecution /Users/kail/imClever/dev/iCubBabble/xcode/CMakeFiles/CMakeTmp/CMAKE_TRY_COMPILE.build/Debug/cmTryCompileExec.build/Script-5CB6505CB6505CB650000000.sh
    cd /Users/kail/imClever/dev/iCubBabble/xcode/CMakeFiles/CMakeTmp
    /bin/sh -c /Users/kail/imClever/dev/iCubBabble/xcode/CMakeFiles/CMakeTmp/CMAKE_TRY_COMPILE.build/Debug/cmTryCompileExec.build/Script-5CB6505CB6505CB650000000.sh
echo "Depend check for xcode"
Depend check for xcode
cd /Users/kail/imClever/dev/iCubBabble/xcode/CMakeFiles/CMakeTmp && make -C /Users/kail/imClever/dev/iCubBabble/xcode/CMakeFiles/CMakeTmp -f /Users/kail/imClever/dev/iCubBabble/xcode/CMakeFiles/CMakeTmp/CMakeScripts/XCODE_DEPEND_HELPER.make all.Debug
make[1]: Nothing to be done for `all.Debug'.
** BUILD SUCCEEDED **

File /Users/kail/imClever/dev/iCubBabble/xcode/CMakeFiles/CMakeTmp/CheckSymbolExists.c:
/* */
#include <QtCore/qglobal.h>

void cmakeRequireSymbol(int dummy,...){(void)dummy;}
int main()
{
#ifndef Q_WS_MAC
  cmakeRequireSymbol(0,&Q_WS_MAC);
#endif
  return 0;
}

