Determining if the Q_WS_X11 exist failed with the following output:
Change Dir: /Users/kail/imClever/dev/newRoadmap/xcode/CMakeFiles/CMakeTmp

Run Build Command:/usr/local/Cellar/cmake/2.8.8/bin/cmakexbuild -project CMAKE_TRY_COMPILE.xcodeproj build -target cmTryCompileExec2810483151 -configuration Debug
** BUILD FAILED **

The following build commands failed:
cmTryCompileExec2810483151:
	CompileC CMAKE_TRY_COMPILE.build/Debug/cmTryCompileExec2810483151.build/Objects-normal/i386/CheckSymbolExists.o /Users/kail/imClever/dev/newRoadmap/xcode/CMakeFiles/CMakeTmp/CheckSymbolExists.cxx normal i386 c++ com.apple.compilers.gcc.4_0
(1 failure)

=== BUILDING NATIVE TARGET cmTryCompileExec2810483151 OF PROJECT CMAKE_TRY_COMPILE WITH CONFIGURATION Debug ===

Checking Dependencies...

CompileC CMAKE_TRY_COMPILE.build/Debug/cmTryCompileExec2810483151.build/Objects-normal/i386/CheckSymbolExists.o /Users/kail/imClever/dev/newRoadmap/xcode/CMakeFiles/CMakeTmp/CheckSymbolExists.cxx normal i386 c++ com.apple.compilers.gcc.4_0
    cd /Users/kail/imClever/dev/newRoadmap/xcode/CMakeFiles/CMakeTmp
    /Developer/usr/bin/gcc-4.0 -x c++ -arch i386 -fmessage-length=0 -pipe -Wno-trigraphs -fpascal-strings -fasm-blocks -O0 -mdynamic-no-pic -DCMAKE_INTDIR="Debug" -isysroot /Developer/SDKs/MacOSX10.5.sdk -mmacosx-version-min=10.5 -Wmost -Wno-four-char-constants -Wno-unknown-pragmas -F/Users/kail/imClever/dev/newRoadmap/xcode/CMakeFiles/CMakeTmp/Debug -F/Developer/SDKs/MacOSX10.5.sdk/Library/Frameworks -I/Users/kail/imClever/dev/newRoadmap/xcode/CMakeFiles/CMakeTmp/Debug/include -I/Users/kail/imClever/dev/newRoadmap/xcode/CMakeFiles/CMakeTmp/CMAKE_TRY_COMPILE.build/Debug/cmTryCompileExec2810483151.build/DerivedSources/i386 -I/Users/kail/imClever/dev/newRoadmap/xcode/CMakeFiles/CMakeTmp/CMAKE_TRY_COMPILE.build/Debug/cmTryCompileExec2810483151.build/DerivedSources -g -c /Users/kail/imClever/dev/newRoadmap/xcode/CMakeFiles/CMakeTmp/CheckSymbolExists.cxx -o /Users/kail/imClever/dev/newRoadmap/xcode/CMakeFiles/CMakeTmp/CMAKE_TRY_COMPILE.build/Debug/cmTryCompileExec2810483151.build/Objects-normal/i386/CheckSymbolExists.o
/Users/kail/imClever/dev/newRoadmap/xcode/CMakeFiles/CMakeTmp/CheckSymbolExists.cxx: In function ‘int main(int, char**)’:
/Users/kail/imClever/dev/newRoadmap/xcode/CMakeFiles/CMakeTmp/CheckSymbolExists.cxx:8: error: ‘Q_WS_X11’ was not declared in this scope

PhaseScriptExecution /Users/kail/imClever/dev/newRoadmap/xcode/CMakeFiles/CMakeTmp/CMAKE_TRY_COMPILE.build/Debug/cmTryCompileExec2810483151.build/Script-3F724F320C164CE58688533D.sh
    cd /Users/kail/imClever/dev/newRoadmap/xcode/CMakeFiles/CMakeTmp
    /bin/sh -c /Users/kail/imClever/dev/newRoadmap/xcode/CMakeFiles/CMakeTmp/CMAKE_TRY_COMPILE.build/Debug/cmTryCompileExec2810483151.build/Script-3F724F320C164CE58688533D.sh
echo "Depend check for xcode"
Depend check for xcode
cd /Users/kail/imClever/dev/newRoadmap/xcode/CMakeFiles/CMakeTmp && make -C /Users/kail/imClever/dev/newRoadmap/xcode/CMakeFiles/CMakeTmp -f /Users/kail/imClever/dev/newRoadmap/xcode/CMakeFiles/CMakeTmp/CMakeScripts/XCODE_DEPEND_HELPER.make PostBuild.cmTryCompileExec2810483151.Debug
make[1]: Nothing to be done for `PostBuild.cmTryCompileExec2810483151.Debug'.

File /Users/kail/imClever/dev/newRoadmap/xcode/CMakeFiles/CMakeTmp/CheckSymbolExists.cxx:
/* */
#include <QtCore/qglobal.h>

int main(int argc, char** argv)
{
  (void)argv;
#ifndef Q_WS_X11
  return ((int*)(&Q_WS_X11))[argc];
#else
  (void)argc;
  return 0;
#endif
}

Determining if the Q_WS_WIN exist failed with the following output:
Change Dir: /Users/kail/imClever/dev/newRoadmap/xcode/CMakeFiles/CMakeTmp

Run Build Command:/usr/local/Cellar/cmake/2.8.8/bin/cmakexbuild -project CMAKE_TRY_COMPILE.xcodeproj build -target cmTryCompileExec459268732 -configuration Debug
** BUILD FAILED **

The following build commands failed:
cmTryCompileExec459268732:
	CompileC CMAKE_TRY_COMPILE.build/Debug/cmTryCompileExec459268732.build/Objects-normal/i386/CheckSymbolExists.o /Users/kail/imClever/dev/newRoadmap/xcode/CMakeFiles/CMakeTmp/CheckSymbolExists.cxx normal i386 c++ com.apple.compilers.gcc.4_0
(1 failure)

=== BUILDING NATIVE TARGET cmTryCompileExec459268732 OF PROJECT CMAKE_TRY_COMPILE WITH CONFIGURATION Debug ===

Checking Dependencies...

CompileC CMAKE_TRY_COMPILE.build/Debug/cmTryCompileExec459268732.build/Objects-normal/i386/CheckSymbolExists.o /Users/kail/imClever/dev/newRoadmap/xcode/CMakeFiles/CMakeTmp/CheckSymbolExists.cxx normal i386 c++ com.apple.compilers.gcc.4_0
    cd /Users/kail/imClever/dev/newRoadmap/xcode/CMakeFiles/CMakeTmp
    /Developer/usr/bin/gcc-4.0 -x c++ -arch i386 -fmessage-length=0 -pipe -Wno-trigraphs -fpascal-strings -fasm-blocks -O0 -mdynamic-no-pic -DCMAKE_INTDIR="Debug" -isysroot /Developer/SDKs/MacOSX10.5.sdk -mmacosx-version-min=10.5 -Wmost -Wno-four-char-constants -Wno-unknown-pragmas -F/Users/kail/imClever/dev/newRoadmap/xcode/CMakeFiles/CMakeTmp/Debug -F/Developer/SDKs/MacOSX10.5.sdk/Library/Frameworks -I/Users/kail/imClever/dev/newRoadmap/xcode/CMakeFiles/CMakeTmp/Debug/include -I/Users/kail/imClever/dev/newRoadmap/xcode/CMakeFiles/CMakeTmp/CMAKE_TRY_COMPILE.build/Debug/cmTryCompileExec459268732.build/DerivedSources/i386 -I/Users/kail/imClever/dev/newRoadmap/xcode/CMakeFiles/CMakeTmp/CMAKE_TRY_COMPILE.build/Debug/cmTryCompileExec459268732.build/DerivedSources -g -c /Users/kail/imClever/dev/newRoadmap/xcode/CMakeFiles/CMakeTmp/CheckSymbolExists.cxx -o /Users/kail/imClever/dev/newRoadmap/xcode/CMakeFiles/CMakeTmp/CMAKE_TRY_COMPILE.build/Debug/cmTryCompileExec459268732.build/Objects-normal/i386/CheckSymbolExists.o
/Users/kail/imClever/dev/newRoadmap/xcode/CMakeFiles/CMakeTmp/CheckSymbolExists.cxx: In function ‘int main(int, char**)’:
/Users/kail/imClever/dev/newRoadmap/xcode/CMakeFiles/CMakeTmp/CheckSymbolExists.cxx:8: error: ‘Q_WS_WIN’ was not declared in this scope

PhaseScriptExecution /Users/kail/imClever/dev/newRoadmap/xcode/CMakeFiles/CMakeTmp/CMAKE_TRY_COMPILE.build/Debug/cmTryCompileExec459268732.build/Script-CCEB534C16C34D5D9B4DB134.sh
    cd /Users/kail/imClever/dev/newRoadmap/xcode/CMakeFiles/CMakeTmp
    /bin/sh -c /Users/kail/imClever/dev/newRoadmap/xcode/CMakeFiles/CMakeTmp/CMAKE_TRY_COMPILE.build/Debug/cmTryCompileExec459268732.build/Script-CCEB534C16C34D5D9B4DB134.sh
echo "Depend check for xcode"
Depend check for xcode
cd /Users/kail/imClever/dev/newRoadmap/xcode/CMakeFiles/CMakeTmp && make -C /Users/kail/imClever/dev/newRoadmap/xcode/CMakeFiles/CMakeTmp -f /Users/kail/imClever/dev/newRoadmap/xcode/CMakeFiles/CMakeTmp/CMakeScripts/XCODE_DEPEND_HELPER.make PostBuild.cmTryCompileExec459268732.Debug
make[1]: Nothing to be done for `PostBuild.cmTryCompileExec459268732.Debug'.

File /Users/kail/imClever/dev/newRoadmap/xcode/CMakeFiles/CMakeTmp/CheckSymbolExists.cxx:
/* */
#include <QtCore/qglobal.h>

int main(int argc, char** argv)
{
  (void)argv;
#ifndef Q_WS_WIN
  return ((int*)(&Q_WS_WIN))[argc];
#else
  (void)argc;
  return 0;
#endif
}

Determining if the Q_WS_QWS exist failed with the following output:
Change Dir: /Users/kail/imClever/dev/newRoadmap/xcode/CMakeFiles/CMakeTmp

Run Build Command:/usr/local/Cellar/cmake/2.8.8/bin/cmakexbuild -project CMAKE_TRY_COMPILE.xcodeproj build -target cmTryCompileExec680860834 -configuration Debug
** BUILD FAILED **

The following build commands failed:
cmTryCompileExec680860834:
	CompileC CMAKE_TRY_COMPILE.build/Debug/cmTryCompileExec680860834.build/Objects-normal/i386/CheckSymbolExists.o /Users/kail/imClever/dev/newRoadmap/xcode/CMakeFiles/CMakeTmp/CheckSymbolExists.cxx normal i386 c++ com.apple.compilers.gcc.4_0
(1 failure)

=== BUILDING NATIVE TARGET cmTryCompileExec680860834 OF PROJECT CMAKE_TRY_COMPILE WITH CONFIGURATION Debug ===

Checking Dependencies...

CompileC CMAKE_TRY_COMPILE.build/Debug/cmTryCompileExec680860834.build/Objects-normal/i386/CheckSymbolExists.o /Users/kail/imClever/dev/newRoadmap/xcode/CMakeFiles/CMakeTmp/CheckSymbolExists.cxx normal i386 c++ com.apple.compilers.gcc.4_0
    cd /Users/kail/imClever/dev/newRoadmap/xcode/CMakeFiles/CMakeTmp
    /Developer/usr/bin/gcc-4.0 -x c++ -arch i386 -fmessage-length=0 -pipe -Wno-trigraphs -fpascal-strings -fasm-blocks -O0 -mdynamic-no-pic -DCMAKE_INTDIR="Debug" -isysroot /Developer/SDKs/MacOSX10.5.sdk -mmacosx-version-min=10.5 -Wmost -Wno-four-char-constants -Wno-unknown-pragmas -F/Users/kail/imClever/dev/newRoadmap/xcode/CMakeFiles/CMakeTmp/Debug -F/Developer/SDKs/MacOSX10.5.sdk/Library/Frameworks -I/Users/kail/imClever/dev/newRoadmap/xcode/CMakeFiles/CMakeTmp/Debug/include -I/Users/kail/imClever/dev/newRoadmap/xcode/CMakeFiles/CMakeTmp/CMAKE_TRY_COMPILE.build/Debug/cmTryCompileExec680860834.build/DerivedSources/i386 -I/Users/kail/imClever/dev/newRoadmap/xcode/CMakeFiles/CMakeTmp/CMAKE_TRY_COMPILE.build/Debug/cmTryCompileExec680860834.build/DerivedSources -g -c /Users/kail/imClever/dev/newRoadmap/xcode/CMakeFiles/CMakeTmp/CheckSymbolExists.cxx -o /Users/kail/imClever/dev/newRoadmap/xcode/CMakeFiles/CMakeTmp/CMAKE_TRY_COMPILE.build/Debug/cmTryCompileExec680860834.build/Objects-normal/i386/CheckSymbolExists.o
/Users/kail/imClever/dev/newRoadmap/xcode/CMakeFiles/CMakeTmp/CheckSymbolExists.cxx: In function ‘int main(int, char**)’:
/Users/kail/imClever/dev/newRoadmap/xcode/CMakeFiles/CMakeTmp/CheckSymbolExists.cxx:8: error: ‘Q_WS_QWS’ was not declared in this scope

PhaseScriptExecution /Users/kail/imClever/dev/newRoadmap/xcode/CMakeFiles/CMakeTmp/CMAKE_TRY_COMPILE.build/Debug/cmTryCompileExec680860834.build/Script-634D737608BF45BABDD93700.sh
    cd /Users/kail/imClever/dev/newRoadmap/xcode/CMakeFiles/CMakeTmp
    /bin/sh -c /Users/kail/imClever/dev/newRoadmap/xcode/CMakeFiles/CMakeTmp/CMAKE_TRY_COMPILE.build/Debug/cmTryCompileExec680860834.build/Script-634D737608BF45BABDD93700.sh
echo "Depend check for xcode"
Depend check for xcode
cd /Users/kail/imClever/dev/newRoadmap/xcode/CMakeFiles/CMakeTmp && make -C /Users/kail/imClever/dev/newRoadmap/xcode/CMakeFiles/CMakeTmp -f /Users/kail/imClever/dev/newRoadmap/xcode/CMakeFiles/CMakeTmp/CMakeScripts/XCODE_DEPEND_HELPER.make PostBuild.cmTryCompileExec680860834.Debug
make[1]: Nothing to be done for `PostBuild.cmTryCompileExec680860834.Debug'.

File /Users/kail/imClever/dev/newRoadmap/xcode/CMakeFiles/CMakeTmp/CheckSymbolExists.cxx:
/* */
#include <QtCore/qglobal.h>

int main(int argc, char** argv)
{
  (void)argv;
#ifndef Q_WS_QWS
  return ((int*)(&Q_WS_QWS))[argc];
#else
  (void)argc;
  return 0;
#endif
}

Determining if the QT_MAC_USE_COCOA exist failed with the following output:
Change Dir: /Users/kail/imClever/dev/newRoadmap/xcode/CMakeFiles/CMakeTmp

Run Build Command:/usr/local/Cellar/cmake/2.8.8/bin/cmakexbuild -project CMAKE_TRY_COMPILE.xcodeproj build -target cmTryCompileExec284244223 -configuration Debug
** BUILD FAILED **

The following build commands failed:
cmTryCompileExec284244223:
	CompileC CMAKE_TRY_COMPILE.build/Debug/cmTryCompileExec284244223.build/Objects-normal/i386/CheckSymbolExists.o /Users/kail/imClever/dev/newRoadmap/xcode/CMakeFiles/CMakeTmp/CheckSymbolExists.cxx normal i386 c++ com.apple.compilers.gcc.4_0
(1 failure)

=== BUILDING NATIVE TARGET cmTryCompileExec284244223 OF PROJECT CMAKE_TRY_COMPILE WITH CONFIGURATION Debug ===

Checking Dependencies...

CompileC CMAKE_TRY_COMPILE.build/Debug/cmTryCompileExec284244223.build/Objects-normal/i386/CheckSymbolExists.o /Users/kail/imClever/dev/newRoadmap/xcode/CMakeFiles/CMakeTmp/CheckSymbolExists.cxx normal i386 c++ com.apple.compilers.gcc.4_0
    cd /Users/kail/imClever/dev/newRoadmap/xcode/CMakeFiles/CMakeTmp
    /Developer/usr/bin/gcc-4.0 -x c++ -arch i386 -fmessage-length=0 -pipe -Wno-trigraphs -fpascal-strings -fasm-blocks -O0 -mdynamic-no-pic -DCMAKE_INTDIR="Debug" -isysroot /Developer/SDKs/MacOSX10.5.sdk -mmacosx-version-min=10.5 -Wmost -Wno-four-char-constants -Wno-unknown-pragmas -F/Users/kail/imClever/dev/newRoadmap/xcode/CMakeFiles/CMakeTmp/Debug -F/Developer/SDKs/MacOSX10.5.sdk/Library/Frameworks -I/Users/kail/imClever/dev/newRoadmap/xcode/CMakeFiles/CMakeTmp/Debug/include -I/Users/kail/imClever/dev/newRoadmap/xcode/CMakeFiles/CMakeTmp/CMAKE_TRY_COMPILE.build/Debug/cmTryCompileExec284244223.build/DerivedSources/i386 -I/Users/kail/imClever/dev/newRoadmap/xcode/CMakeFiles/CMakeTmp/CMAKE_TRY_COMPILE.build/Debug/cmTryCompileExec284244223.build/DerivedSources -g -c /Users/kail/imClever/dev/newRoadmap/xcode/CMakeFiles/CMakeTmp/CheckSymbolExists.cxx -o /Users/kail/imClever/dev/newRoadmap/xcode/CMakeFiles/CMakeTmp/CMAKE_TRY_COMPILE.build/Debug/cmTryCompileExec284244223.build/Objects-normal/i386/CheckSymbolExists.o
/Users/kail/imClever/dev/newRoadmap/xcode/CMakeFiles/CMakeTmp/CheckSymbolExists.cxx: In function ‘int main(int, char**)’:
/Users/kail/imClever/dev/newRoadmap/xcode/CMakeFiles/CMakeTmp/CheckSymbolExists.cxx:8: error: ‘QT_MAC_USE_COCOA’ was not declared in this scope

PhaseScriptExecution /Users/kail/imClever/dev/newRoadmap/xcode/CMakeFiles/CMakeTmp/CMAKE_TRY_COMPILE.build/Debug/cmTryCompileExec284244223.build/Script-A3EA85BDFE5E4F389F2C9EA1.sh
    cd /Users/kail/imClever/dev/newRoadmap/xcode/CMakeFiles/CMakeTmp
    /bin/sh -c /Users/kail/imClever/dev/newRoadmap/xcode/CMakeFiles/CMakeTmp/CMAKE_TRY_COMPILE.build/Debug/cmTryCompileExec284244223.build/Script-A3EA85BDFE5E4F389F2C9EA1.sh
echo "Depend check for xcode"
Depend check for xcode
cd /Users/kail/imClever/dev/newRoadmap/xcode/CMakeFiles/CMakeTmp && make -C /Users/kail/imClever/dev/newRoadmap/xcode/CMakeFiles/CMakeTmp -f /Users/kail/imClever/dev/newRoadmap/xcode/CMakeFiles/CMakeTmp/CMakeScripts/XCODE_DEPEND_HELPER.make PostBuild.cmTryCompileExec284244223.Debug
make[1]: Nothing to be done for `PostBuild.cmTryCompileExec284244223.Debug'.

File /Users/kail/imClever/dev/newRoadmap/xcode/CMakeFiles/CMakeTmp/CheckSymbolExists.cxx:
/* */
#include <QtCore/qconfig.h>

int main(int argc, char** argv)
{
  (void)argv;
#ifndef QT_MAC_USE_COCOA
  return ((int*)(&QT_MAC_USE_COCOA))[argc];
#else
  (void)argc;
  return 0;
#endif
}

