The system is: Darwin - 9.8.0 - i386
Compiling the C compiler identification source file "CMakeCCompilerId.c" succeeded.
Compiler: /usr/bin/gcc 
Build flags: 
Id flags: 

The output was:
0


Compilation of the C compiler identification source "CMakeCCompilerId.c" produced "a.out"

The C compiler identification is GNU, found in "/Users/kail/imClever/dev/newRoadmap/xcode/CMakeFiles/CompilerIdC/a.out"

Compiling the CXX compiler identification source file "CMakeCXXCompilerId.cpp" succeeded.
Compiler: /usr/bin/g++ 
Build flags: 
Id flags: 

The output was:
0


Compilation of the CXX compiler identification source "CMakeCXXCompilerId.cpp" produced "a.out"

The CXX compiler identification is GNU, found in "/Users/kail/imClever/dev/newRoadmap/xcode/CMakeFiles/CompilerIdCXX/a.out"

Determining if the C compiler works passed with the following output:
Change Dir: /Users/kail/imClever/dev/newRoadmap/xcode/CMakeFiles/CMakeTmp

Run Build Command:/usr/local/Cellar/cmake/2.8.8/bin/cmakexbuild -project CMAKE_TRY_COMPILE.xcodeproj build -target cmTryCompileExec1293774555 -configuration Debug
=== BUILDING NATIVE TARGET cmTryCompileExec1293774555 OF PROJECT CMAKE_TRY_COMPILE WITH CONFIGURATION Debug ===

Checking Dependencies...

CompileC CMAKE_TRY_COMPILE.build/Debug/cmTryCompileExec1293774555.build/Objects-normal/i386/testCCompiler.o /Users/kail/imClever/dev/newRoadmap/xcode/CMakeFiles/CMakeTmp/testCCompiler.c normal i386 c com.apple.compilers.gcc.4_0
    cd /Users/kail/imClever/dev/newRoadmap/xcode/CMakeFiles/CMakeTmp
    /Developer/usr/bin/gcc-4.0 -x c -arch i386 -fmessage-length=0 -pipe -Wno-trigraphs -fpascal-strings -fasm-blocks -O0 -mdynamic-no-pic -DCMAKE_INTDIR="Debug" -isysroot /Developer/SDKs/MacOSX10.5.sdk -mmacosx-version-min=10.5 -gdwarf-2 -Wmost -Wno-four-char-constants -Wno-unknown-pragmas -F/Users/kail/imClever/dev/newRoadmap/xcode/CMakeFiles/CMakeTmp/Debug -I/Users/kail/imClever/dev/newRoadmap/xcode/CMakeFiles/CMakeTmp/Debug/include -I/Users/kail/imClever/dev/newRoadmap/xcode/CMakeFiles/CMakeTmp/CMAKE_TRY_COMPILE.build/Debug/cmTryCompileExec1293774555.build/DerivedSources/i386 -I/Users/kail/imClever/dev/newRoadmap/xcode/CMakeFiles/CMakeTmp/CMAKE_TRY_COMPILE.build/Debug/cmTryCompileExec1293774555.build/DerivedSources -c /Users/kail/imClever/dev/newRoadmap/xcode/CMakeFiles/CMakeTmp/testCCompiler.c -o /Users/kail/imClever/dev/newRoadmap/xcode/CMakeFiles/CMakeTmp/CMAKE_TRY_COMPILE.build/Debug/cmTryCompileExec1293774555.build/Objects-normal/i386/testCCompiler.o

Ld /Users/kail/imClever/dev/newRoadmap/xcode/CMakeFiles/CMakeTmp/Debug/cmTryCompileExec1293774555 normal i386
    mkdir /Users/kail/imClever/dev/newRoadmap/xcode/CMakeFiles/CMakeTmp/Debug
    cd /Users/kail/imClever/dev/newRoadmap/xcode/CMakeFiles/CMakeTmp
    /Developer/usr/bin/gcc-4.0 -arch i386 -isysroot /Developer/SDKs/MacOSX10.5.sdk -L/Users/kail/imClever/dev/newRoadmap/xcode/CMakeFiles/CMakeTmp/Debug -F/Users/kail/imClever/dev/newRoadmap/xcode/CMakeFiles/CMakeTmp/Debug -filelist /Users/kail/imClever/dev/newRoadmap/xcode/CMakeFiles/CMakeTmp/CMAKE_TRY_COMPILE.build/Debug/cmTryCompileExec1293774555.build/Objects-normal/i386/cmTryCompileExec1293774555.LinkFileList -mmacosx-version-min=10.5 -Wl,-search_paths_first -Wl,-headerpad_max_install_names -o /Users/kail/imClever/dev/newRoadmap/xcode/CMakeFiles/CMakeTmp/Debug/cmTryCompileExec1293774555

PhaseScriptExecution /Users/kail/imClever/dev/newRoadmap/xcode/CMakeFiles/CMakeTmp/CMAKE_TRY_COMPILE.build/Debug/cmTryCompileExec1293774555.build/Script-808C69DAD6D44ADEBA16428D.sh
    cd /Users/kail/imClever/dev/newRoadmap/xcode/CMakeFiles/CMakeTmp
    /bin/sh -c /Users/kail/imClever/dev/newRoadmap/xcode/CMakeFiles/CMakeTmp/CMAKE_TRY_COMPILE.build/Debug/cmTryCompileExec1293774555.build/Script-808C69DAD6D44ADEBA16428D.sh
echo "Depend check for xcode"
Depend check for xcode
cd /Users/kail/imClever/dev/newRoadmap/xcode/CMakeFiles/CMakeTmp && make -C /Users/kail/imClever/dev/newRoadmap/xcode/CMakeFiles/CMakeTmp -f /Users/kail/imClever/dev/newRoadmap/xcode/CMakeFiles/CMakeTmp/CMakeScripts/XCODE_DEPEND_HELPER.make PostBuild.cmTryCompileExec1293774555.Debug
make[1]: Nothing to be done for `PostBuild.cmTryCompileExec1293774555.Debug'.
** BUILD SUCCEEDED **


Detecting C compiler ABI info compiled with the following output:
Change Dir: /Users/kail/imClever/dev/newRoadmap/xcode/CMakeFiles/CMakeTmp

Run Build Command:/usr/local/Cellar/cmake/2.8.8/bin/cmakexbuild -project CMAKE_TRY_COMPILE.xcodeproj build -target cmTryCompileExec1712261034 -configuration Debug
=== BUILDING NATIVE TARGET cmTryCompileExec1712261034 OF PROJECT CMAKE_TRY_COMPILE WITH CONFIGURATION Debug ===

Checking Dependencies...

CompileC CMAKE_TRY_COMPILE.build/Debug/cmTryCompileExec1712261034.build/Objects-normal/i386/CMakeCCompilerABI.o /Users/kail/imClever/dev/newRoadmap/xcode/CMakeFiles/CMakeTmp/../../../../../../../../usr/local/Cellar/cmake/2.8.8/share/cmake/Modules/CMakeCCompilerABI.c normal i386 c com.apple.compilers.gcc.4_0
    cd /Users/kail/imClever/dev/newRoadmap/xcode/CMakeFiles/CMakeTmp
    /Developer/usr/bin/gcc-4.0 -x c -arch i386 -fmessage-length=0 -pipe -Wno-trigraphs -fpascal-strings -fasm-blocks -O0 -mdynamic-no-pic -DCMAKE_INTDIR="Debug" -isysroot /Developer/SDKs/MacOSX10.5.sdk -mmacosx-version-min=10.5 -gdwarf-2 -Wmost -Wno-four-char-constants -Wno-unknown-pragmas -F/Users/kail/imClever/dev/newRoadmap/xcode/CMakeFiles/CMakeTmp/Debug -I/Users/kail/imClever/dev/newRoadmap/xcode/CMakeFiles/CMakeTmp/Debug/include -I/Users/kail/imClever/dev/newRoadmap/xcode/CMakeFiles/CMakeTmp/CMAKE_TRY_COMPILE.build/Debug/cmTryCompileExec1712261034.build/DerivedSources/i386 -I/Users/kail/imClever/dev/newRoadmap/xcode/CMakeFiles/CMakeTmp/CMAKE_TRY_COMPILE.build/Debug/cmTryCompileExec1712261034.build/DerivedSources -c /Users/kail/imClever/dev/newRoadmap/xcode/CMakeFiles/CMakeTmp/../../../../../../../../usr/local/Cellar/cmake/2.8.8/share/cmake/Modules/CMakeCCompilerABI.c -o /Users/kail/imClever/dev/newRoadmap/xcode/CMakeFiles/CMakeTmp/CMAKE_TRY_COMPILE.build/Debug/cmTryCompileExec1712261034.build/Objects-normal/i386/CMakeCCompilerABI.o

Ld /Users/kail/imClever/dev/newRoadmap/xcode/CMakeFiles/CMakeTmp/Debug/cmTryCompileExec1712261034 normal i386
    cd /Users/kail/imClever/dev/newRoadmap/xcode/CMakeFiles/CMakeTmp
    /Developer/usr/bin/gcc-4.0 -arch i386 -isysroot /Developer/SDKs/MacOSX10.5.sdk -L/Users/kail/imClever/dev/newRoadmap/xcode/CMakeFiles/CMakeTmp/Debug -F/Users/kail/imClever/dev/newRoadmap/xcode/CMakeFiles/CMakeTmp/Debug -filelist /Users/kail/imClever/dev/newRoadmap/xcode/CMakeFiles/CMakeTmp/CMAKE_TRY_COMPILE.build/Debug/cmTryCompileExec1712261034.build/Objects-normal/i386/cmTryCompileExec1712261034.LinkFileList -mmacosx-version-min=10.5 -v -Wl,-search_paths_first -Wl,-headerpad_max_install_names -o /Users/kail/imClever/dev/newRoadmap/xcode/CMakeFiles/CMakeTmp/Debug/cmTryCompileExec1712261034
Using built-in specs.
Target: i686-apple-darwin9
Configured with: /var/tmp/gcc/gcc-5493~1/src/configure --disable-checking -enable-werror --prefix=/usr --mandir=/share/man --enable-languages=c,objc,c++,obj-c++ --program-transform-name=/^[cg][^.-]*$/s/$/-4.0/ --with-gxx-include-dir=/include/c++/4.0.0 --with-slibdir=/usr/lib --build=i686-apple-darwin9 --with-arch=apple --with-tune=generic --host=i686-apple-darwin9 --target=i686-apple-darwin9
Thread model: posix
gcc version 4.0.1 (Apple Inc. build 5493)
 /Developer/usr/bin/../libexec/gcc/i686-apple-darwin9/4.0.1/collect2 -dynamic -arch i386 -macosx_version_min 10.5 -syslibroot /Developer/SDKs/MacOSX10.5.sdk -weak_reference_mismatches non-weak -o /Users/kail/imClever/dev/newRoadmap/xcode/CMakeFiles/CMakeTmp/Debug/cmTryCompileExec1712261034 -lcrt1.10.5.o -L/Users/kail/imClever/dev/newRoadmap/xcode/CMakeFiles/CMakeTmp/Debug -L/Developer/SDKs/MacOSX10.5.sdk/usr/lib/i686-apple-darwin9/4.0.1 -L/Developer/SDKs/MacOSX10.5.sdk/usr/lib -L/Developer/usr/bin/../lib/gcc/i686-apple-darwin9/4.0.1 -L/Developer/usr/bin/../lib/gcc -L/usr/lib/gcc/i686-apple-darwin9/4.0.1 -L/usr/lib/gcc/i686-apple-darwin9/4.0.1 -L/Developer/usr/bin/../lib/gcc/i686-apple-darwin9/4.0.1/../../../i686-apple-darwin9/4.0.1 -L/Developer/usr/bin/../lib/gcc/i686-apple-darwin9/4.0.1/../../.. -L/Developer/SDKs/MacOSX10.5.sdk/usr/lib/gcc/i686-apple-darwin9/4.0.1/../../../i686-apple-darwin9/4.0.1 -L/Developer/SDKs/MacOSX10.5.sdk/usr/lib/gcc/i686-apple-darwin9/4.0.1/../../.. -filelist /Users/kail/imClever/dev/newRoadmap/xcode/CMakeFiles/CMakeTmp/CMAKE_TRY_COMPILE.build/Debug/cmTryCompileExec1712261034.build/Objects-normal/i386/cmTryCompileExec1712261034.LinkFileList -search_paths_first -headerpad_max_install_names -lgcc_s.10.5 -lgcc -lSystem -F/Users/kail/imClever/dev/newRoadmap/xcode/CMakeFiles/CMakeTmp/Debug

PhaseScriptExecution /Users/kail/imClever/dev/newRoadmap/xcode/CMakeFiles/CMakeTmp/CMAKE_TRY_COMPILE.build/Debug/cmTryCompileExec1712261034.build/Script-483222AFA6F84EB6B0F1D75E.sh
    cd /Users/kail/imClever/dev/newRoadmap/xcode/CMakeFiles/CMakeTmp
    /bin/sh -c /Users/kail/imClever/dev/newRoadmap/xcode/CMakeFiles/CMakeTmp/CMAKE_TRY_COMPILE.build/Debug/cmTryCompileExec1712261034.build/Script-483222AFA6F84EB6B0F1D75E.sh
echo "Depend check for xcode"
Depend check for xcode
cd /Users/kail/imClever/dev/newRoadmap/xcode/CMakeFiles/CMakeTmp && make -C /Users/kail/imClever/dev/newRoadmap/xcode/CMakeFiles/CMakeTmp -f /Users/kail/imClever/dev/newRoadmap/xcode/CMakeFiles/CMakeTmp/CMakeScripts/XCODE_DEPEND_HELPER.make PostBuild.cmTryCompileExec1712261034.Debug
make[1]: Nothing to be done for `PostBuild.cmTryCompileExec1712261034.Debug'.
** BUILD SUCCEEDED **


Determining if the CXX compiler works passed with the following output:
Change Dir: /Users/kail/imClever/dev/newRoadmap/xcode/CMakeFiles/CMakeTmp

Run Build Command:/usr/local/Cellar/cmake/2.8.8/bin/cmakexbuild -project CMAKE_TRY_COMPILE.xcodeproj build -target cmTryCompileExec3986700846 -configuration Debug
=== BUILDING NATIVE TARGET cmTryCompileExec3986700846 OF PROJECT CMAKE_TRY_COMPILE WITH CONFIGURATION Debug ===

Checking Dependencies...

CompileC CMAKE_TRY_COMPILE.build/Debug/cmTryCompileExec3986700846.build/Objects-normal/i386/testCXXCompiler.o /Users/kail/imClever/dev/newRoadmap/xcode/CMakeFiles/CMakeTmp/testCXXCompiler.cxx normal i386 c++ com.apple.compilers.gcc.4_0
    cd /Users/kail/imClever/dev/newRoadmap/xcode/CMakeFiles/CMakeTmp
    /Developer/usr/bin/gcc-4.0 -x c++ -arch i386 -fmessage-length=0 -pipe -Wno-trigraphs -fpascal-strings -fasm-blocks -O0 -mdynamic-no-pic -DCMAKE_INTDIR="Debug" -isysroot /Developer/SDKs/MacOSX10.5.sdk -mmacosx-version-min=10.5 -Wmost -Wno-four-char-constants -Wno-unknown-pragmas -F/Users/kail/imClever/dev/newRoadmap/xcode/CMakeFiles/CMakeTmp/Debug -I/Users/kail/imClever/dev/newRoadmap/xcode/CMakeFiles/CMakeTmp/Debug/include -I/Users/kail/imClever/dev/newRoadmap/xcode/CMakeFiles/CMakeTmp/CMAKE_TRY_COMPILE.build/Debug/cmTryCompileExec3986700846.build/DerivedSources/i386 -I/Users/kail/imClever/dev/newRoadmap/xcode/CMakeFiles/CMakeTmp/CMAKE_TRY_COMPILE.build/Debug/cmTryCompileExec3986700846.build/DerivedSources -g -c /Users/kail/imClever/dev/newRoadmap/xcode/CMakeFiles/CMakeTmp/testCXXCompiler.cxx -o /Users/kail/imClever/dev/newRoadmap/xcode/CMakeFiles/CMakeTmp/CMAKE_TRY_COMPILE.build/Debug/cmTryCompileExec3986700846.build/Objects-normal/i386/testCXXCompiler.o

Ld /Users/kail/imClever/dev/newRoadmap/xcode/CMakeFiles/CMakeTmp/Debug/cmTryCompileExec3986700846 normal i386
    cd /Users/kail/imClever/dev/newRoadmap/xcode/CMakeFiles/CMakeTmp
    /Developer/usr/bin/g++-4.0 -arch i386 -isysroot /Developer/SDKs/MacOSX10.5.sdk -L/Users/kail/imClever/dev/newRoadmap/xcode/CMakeFiles/CMakeTmp/Debug -F/Users/kail/imClever/dev/newRoadmap/xcode/CMakeFiles/CMakeTmp/Debug -filelist /Users/kail/imClever/dev/newRoadmap/xcode/CMakeFiles/CMakeTmp/CMAKE_TRY_COMPILE.build/Debug/cmTryCompileExec3986700846.build/Objects-normal/i386/cmTryCompileExec3986700846.LinkFileList -mmacosx-version-min=10.5 -Wl,-search_paths_first -Wl,-headerpad_max_install_names -o /Users/kail/imClever/dev/newRoadmap/xcode/CMakeFiles/CMakeTmp/Debug/cmTryCompileExec3986700846

PhaseScriptExecution /Users/kail/imClever/dev/newRoadmap/xcode/CMakeFiles/CMakeTmp/CMAKE_TRY_COMPILE.build/Debug/cmTryCompileExec3986700846.build/Script-A4BAAC51CCAF4C64A1C64A15.sh
    cd /Users/kail/imClever/dev/newRoadmap/xcode/CMakeFiles/CMakeTmp
    /bin/sh -c /Users/kail/imClever/dev/newRoadmap/xcode/CMakeFiles/CMakeTmp/CMAKE_TRY_COMPILE.build/Debug/cmTryCompileExec3986700846.build/Script-A4BAAC51CCAF4C64A1C64A15.sh
echo "Depend check for xcode"
Depend check for xcode
cd /Users/kail/imClever/dev/newRoadmap/xcode/CMakeFiles/CMakeTmp && make -C /Users/kail/imClever/dev/newRoadmap/xcode/CMakeFiles/CMakeTmp -f /Users/kail/imClever/dev/newRoadmap/xcode/CMakeFiles/CMakeTmp/CMakeScripts/XCODE_DEPEND_HELPER.make PostBuild.cmTryCompileExec3986700846.Debug
make[1]: Nothing to be done for `PostBuild.cmTryCompileExec3986700846.Debug'.
** BUILD SUCCEEDED **


Detecting CXX compiler ABI info compiled with the following output:
Change Dir: /Users/kail/imClever/dev/newRoadmap/xcode/CMakeFiles/CMakeTmp

Run Build Command:/usr/local/Cellar/cmake/2.8.8/bin/cmakexbuild -project CMAKE_TRY_COMPILE.xcodeproj build -target cmTryCompileExec3462184955 -configuration Debug
=== BUILDING NATIVE TARGET cmTryCompileExec3462184955 OF PROJECT CMAKE_TRY_COMPILE WITH CONFIGURATION Debug ===

Checking Dependencies...

CompileC CMAKE_TRY_COMPILE.build/Debug/cmTryCompileExec3462184955.build/Objects-normal/i386/CMakeCXXCompilerABI.o /Users/kail/imClever/dev/newRoadmap/xcode/CMakeFiles/CMakeTmp/../../../../../../../../usr/local/Cellar/cmake/2.8.8/share/cmake/Modules/CMakeCXXCompilerABI.cpp normal i386 c++ com.apple.compilers.gcc.4_0
    cd /Users/kail/imClever/dev/newRoadmap/xcode/CMakeFiles/CMakeTmp
    /Developer/usr/bin/gcc-4.0 -x c++ -arch i386 -fmessage-length=0 -pipe -Wno-trigraphs -fpascal-strings -fasm-blocks -O0 -mdynamic-no-pic -DCMAKE_INTDIR="Debug" -isysroot /Developer/SDKs/MacOSX10.5.sdk -mmacosx-version-min=10.5 -Wmost -Wno-four-char-constants -Wno-unknown-pragmas -F/Users/kail/imClever/dev/newRoadmap/xcode/CMakeFiles/CMakeTmp/Debug -I/Users/kail/imClever/dev/newRoadmap/xcode/CMakeFiles/CMakeTmp/Debug/include -I/Users/kail/imClever/dev/newRoadmap/xcode/CMakeFiles/CMakeTmp/CMAKE_TRY_COMPILE.build/Debug/cmTryCompileExec3462184955.build/DerivedSources/i386 -I/Users/kail/imClever/dev/newRoadmap/xcode/CMakeFiles/CMakeTmp/CMAKE_TRY_COMPILE.build/Debug/cmTryCompileExec3462184955.build/DerivedSources -g -c /Users/kail/imClever/dev/newRoadmap/xcode/CMakeFiles/CMakeTmp/../../../../../../../../usr/local/Cellar/cmake/2.8.8/share/cmake/Modules/CMakeCXXCompilerABI.cpp -o /Users/kail/imClever/dev/newRoadmap/xcode/CMakeFiles/CMakeTmp/CMAKE_TRY_COMPILE.build/Debug/cmTryCompileExec3462184955.build/Objects-normal/i386/CMakeCXXCompilerABI.o

Ld /Users/kail/imClever/dev/newRoadmap/xcode/CMakeFiles/CMakeTmp/Debug/cmTryCompileExec3462184955 normal i386
    cd /Users/kail/imClever/dev/newRoadmap/xcode/CMakeFiles/CMakeTmp
    /Developer/usr/bin/g++-4.0 -arch i386 -isysroot /Developer/SDKs/MacOSX10.5.sdk -L/Users/kail/imClever/dev/newRoadmap/xcode/CMakeFiles/CMakeTmp/Debug -F/Users/kail/imClever/dev/newRoadmap/xcode/CMakeFiles/CMakeTmp/Debug -filelist /Users/kail/imClever/dev/newRoadmap/xcode/CMakeFiles/CMakeTmp/CMAKE_TRY_COMPILE.build/Debug/cmTryCompileExec3462184955.build/Objects-normal/i386/cmTryCompileExec3462184955.LinkFileList -mmacosx-version-min=10.5 -v -Wl,-search_paths_first -Wl,-headerpad_max_install_names -o /Users/kail/imClever/dev/newRoadmap/xcode/CMakeFiles/CMakeTmp/Debug/cmTryCompileExec3462184955
Using built-in specs.
Target: i686-apple-darwin9
Configured with: /var/tmp/gcc/gcc-5493~1/src/configure --disable-checking -enable-werror --prefix=/usr --mandir=/share/man --enable-languages=c,objc,c++,obj-c++ --program-transform-name=/^[cg][^.-]*$/s/$/-4.0/ --with-gxx-include-dir=/include/c++/4.0.0 --with-slibdir=/usr/lib --build=i686-apple-darwin9 --with-arch=apple --with-tune=generic --host=i686-apple-darwin9 --target=i686-apple-darwin9
Thread model: posix
gcc version 4.0.1 (Apple Inc. build 5493)
 /Developer/usr/bin/../libexec/gcc/i686-apple-darwin9/4.0.1/collect2 -dynamic -arch i386 -macosx_version_min 10.5 -syslibroot /Developer/SDKs/MacOSX10.5.sdk -weak_reference_mismatches non-weak -o /Users/kail/imClever/dev/newRoadmap/xcode/CMakeFiles/CMakeTmp/Debug/cmTryCompileExec3462184955 -lcrt1.10.5.o -L/Users/kail/imClever/dev/newRoadmap/xcode/CMakeFiles/CMakeTmp/Debug -L/Developer/SDKs/MacOSX10.5.sdk/usr/lib/i686-apple-darwin9/4.0.1 -L/Developer/SDKs/MacOSX10.5.sdk/usr/lib -L/Developer/usr/bin/../lib/gcc/i686-apple-darwin9/4.0.1 -L/Developer/usr/bin/../lib/gcc -L/usr/lib/gcc/i686-apple-darwin9/4.0.1 -L/usr/lib/gcc/i686-apple-darwin9/4.0.1 -L/Developer/usr/bin/../lib/gcc/i686-apple-darwin9/4.0.1/../../../i686-apple-darwin9/4.0.1 -L/Developer/usr/bin/../lib/gcc/i686-apple-darwin9/4.0.1/../../.. -L/Developer/SDKs/MacOSX10.5.sdk/usr/lib/gcc/i686-apple-darwin9/4.0.1/../../../i686-apple-darwin9/4.0.1 -L/Developer/SDKs/MacOSX10.5.sdk/usr/lib/gcc/i686-apple-darwin9/4.0.1/../../.. -filelist /Users/kail/imClever/dev/newRoadmap/xcode/CMakeFiles/CMakeTmp/CMAKE_TRY_COMPILE.build/Debug/cmTryCompileExec3462184955.build/Objects-normal/i386/cmTryCompileExec3462184955.LinkFileList -search_paths_first -headerpad_max_install_names -lstdc++ -lgcc_s.10.5 -lgcc -lSystem -F/Users/kail/imClever/dev/newRoadmap/xcode/CMakeFiles/CMakeTmp/Debug

PhaseScriptExecution /Users/kail/imClever/dev/newRoadmap/xcode/CMakeFiles/CMakeTmp/CMAKE_TRY_COMPILE.build/Debug/cmTryCompileExec3462184955.build/Script-08A113722B3D474CAB612C81.sh
    cd /Users/kail/imClever/dev/newRoadmap/xcode/CMakeFiles/CMakeTmp
    /bin/sh -c /Users/kail/imClever/dev/newRoadmap/xcode/CMakeFiles/CMakeTmp/CMAKE_TRY_COMPILE.build/Debug/cmTryCompileExec3462184955.build/Script-08A113722B3D474CAB612C81.sh
echo "Depend check for xcode"
Depend check for xcode
cd /Users/kail/imClever/dev/newRoadmap/xcode/CMakeFiles/CMakeTmp && make -C /Users/kail/imClever/dev/newRoadmap/xcode/CMakeFiles/CMakeTmp -f /Users/kail/imClever/dev/newRoadmap/xcode/CMakeFiles/CMakeTmp/CMakeScripts/XCODE_DEPEND_HELPER.make PostBuild.cmTryCompileExec3462184955.Debug
make[1]: Nothing to be done for `PostBuild.cmTryCompileExec3462184955.Debug'.
** BUILD SUCCEEDED **


Determining if the Q_WS_MAC exist passed with the following output:
Change Dir: /Users/kail/imClever/dev/newRoadmap/xcode/CMakeFiles/CMakeTmp

Run Build Command:/usr/local/Cellar/cmake/2.8.8/bin/cmakexbuild -project CMAKE_TRY_COMPILE.xcodeproj build -target cmTryCompileExec4131315682 -configuration Debug
=== BUILDING NATIVE TARGET cmTryCompileExec4131315682 OF PROJECT CMAKE_TRY_COMPILE WITH CONFIGURATION Debug ===

Checking Dependencies...

CompileC CMAKE_TRY_COMPILE.build/Debug/cmTryCompileExec4131315682.build/Objects-normal/i386/CheckSymbolExists.o /Users/kail/imClever/dev/newRoadmap/xcode/CMakeFiles/CMakeTmp/CheckSymbolExists.cxx normal i386 c++ com.apple.compilers.gcc.4_0
    cd /Users/kail/imClever/dev/newRoadmap/xcode/CMakeFiles/CMakeTmp
    /Developer/usr/bin/gcc-4.0 -x c++ -arch i386 -fmessage-length=0 -pipe -Wno-trigraphs -fpascal-strings -fasm-blocks -O0 -mdynamic-no-pic -DCMAKE_INTDIR="Debug" -isysroot /Developer/SDKs/MacOSX10.5.sdk -mmacosx-version-min=10.5 -Wmost -Wno-four-char-constants -Wno-unknown-pragmas -F/Users/kail/imClever/dev/newRoadmap/xcode/CMakeFiles/CMakeTmp/Debug -F/Developer/SDKs/MacOSX10.5.sdk/Library/Frameworks -I/Users/kail/imClever/dev/newRoadmap/xcode/CMakeFiles/CMakeTmp/Debug/include -I/Users/kail/imClever/dev/newRoadmap/xcode/CMakeFiles/CMakeTmp/CMAKE_TRY_COMPILE.build/Debug/cmTryCompileExec4131315682.build/DerivedSources/i386 -I/Users/kail/imClever/dev/newRoadmap/xcode/CMakeFiles/CMakeTmp/CMAKE_TRY_COMPILE.build/Debug/cmTryCompileExec4131315682.build/DerivedSources -g -c /Users/kail/imClever/dev/newRoadmap/xcode/CMakeFiles/CMakeTmp/CheckSymbolExists.cxx -o /Users/kail/imClever/dev/newRoadmap/xcode/CMakeFiles/CMakeTmp/CMAKE_TRY_COMPILE.build/Debug/cmTryCompileExec4131315682.build/Objects-normal/i386/CheckSymbolExists.o

Ld /Users/kail/imClever/dev/newRoadmap/xcode/CMakeFiles/CMakeTmp/Debug/cmTryCompileExec4131315682 normal i386
    cd /Users/kail/imClever/dev/newRoadmap/xcode/CMakeFiles/CMakeTmp
    /Developer/usr/bin/g++-4.0 -arch i386 -isysroot /Developer/SDKs/MacOSX10.5.sdk -L/Users/kail/imClever/dev/newRoadmap/xcode/CMakeFiles/CMakeTmp/Debug -F/Users/kail/imClever/dev/newRoadmap/xcode/CMakeFiles/CMakeTmp/Debug -F/Developer/SDKs/MacOSX10.5.sdk/Library/Frameworks -filelist /Users/kail/imClever/dev/newRoadmap/xcode/CMakeFiles/CMakeTmp/CMAKE_TRY_COMPILE.build/Debug/cmTryCompileExec4131315682.build/Objects-normal/i386/cmTryCompileExec4131315682.LinkFileList -mmacosx-version-min=10.5 -Wl,-search_paths_first -Wl,-headerpad_max_install_names -o /Users/kail/imClever/dev/newRoadmap/xcode/CMakeFiles/CMakeTmp/Debug/cmTryCompileExec4131315682

PhaseScriptExecution /Users/kail/imClever/dev/newRoadmap/xcode/CMakeFiles/CMakeTmp/CMAKE_TRY_COMPILE.build/Debug/cmTryCompileExec4131315682.build/Script-2B8A0C936BEE4ED4AB424DE6.sh
    cd /Users/kail/imClever/dev/newRoadmap/xcode/CMakeFiles/CMakeTmp
    /bin/sh -c /Users/kail/imClever/dev/newRoadmap/xcode/CMakeFiles/CMakeTmp/CMAKE_TRY_COMPILE.build/Debug/cmTryCompileExec4131315682.build/Script-2B8A0C936BEE4ED4AB424DE6.sh
echo "Depend check for xcode"
Depend check for xcode
cd /Users/kail/imClever/dev/newRoadmap/xcode/CMakeFiles/CMakeTmp && make -C /Users/kail/imClever/dev/newRoadmap/xcode/CMakeFiles/CMakeTmp -f /Users/kail/imClever/dev/newRoadmap/xcode/CMakeFiles/CMakeTmp/CMakeScripts/XCODE_DEPEND_HELPER.make PostBuild.cmTryCompileExec4131315682.Debug
make[1]: Nothing to be done for `PostBuild.cmTryCompileExec4131315682.Debug'.
** BUILD SUCCEEDED **

File /Users/kail/imClever/dev/newRoadmap/xcode/CMakeFiles/CMakeTmp/CheckSymbolExists.cxx:
/* */
#include <QtCore/qglobal.h>

int main(int argc, char** argv)
{
  (void)argv;
#ifndef Q_WS_MAC
  return ((int*)(&Q_WS_MAC))[argc];
#else
  (void)argc;
  return 0;
#endif
}

