The system is: Darwin - 9.8.0 - i386
Compiling the C compiler identification source file "CMakeCCompilerId.c" succeeded.
Compiler: /usr/bin/gcc 
Build flags: 
Id flags: 

The output was:
0


Compilation of the C compiler identification source "CMakeCCompilerId.c" produced "a.out"

The C compiler identification is GNU, found in "/Users/kail/imClever/dev/virtualSkin/xcode/CMakeFiles/CompilerIdC/a.out"

Compiling the CXX compiler identification source file "CMakeCXXCompilerId.cpp" succeeded.
Compiler: /usr/bin/c++ 
Build flags: 
Id flags: 

The output was:
0


Compilation of the CXX compiler identification source "CMakeCXXCompilerId.cpp" produced "a.out"

The CXX compiler identification is GNU, found in "/Users/kail/imClever/dev/virtualSkin/xcode/CMakeFiles/CompilerIdCXX/a.out"

Determining if the C compiler works passed with the following output:
Change Dir: /Users/kail/imClever/dev/virtualSkin/xcode/CMakeFiles/CMakeTmp

Run Build Command:/opt/local/bin/gmake "cmTryCompileExec/fast"
/opt/local/bin/gmake -f CMakeFiles/cmTryCompileExec.dir/build.make CMakeFiles/cmTryCompileExec.dir/build
gmake[1]: Entering directory `/Users/kail/imClever/dev/virtualSkin/xcode/CMakeFiles/CMakeTmp'
/opt/local/bin/cmake -E cmake_progress_report /Users/kail/imClever/dev/virtualSkin/xcode/CMakeFiles/CMakeTmp/CMakeFiles 1
Building C object CMakeFiles/cmTryCompileExec.dir/testCCompiler.c.o
/usr/bin/gcc    -o CMakeFiles/cmTryCompileExec.dir/testCCompiler.c.o   -c /Users/kail/imClever/dev/virtualSkin/xcode/CMakeFiles/CMakeTmp/testCCompiler.c
Linking C executable cmTryCompileExec
/opt/local/bin/cmake -E cmake_link_script CMakeFiles/cmTryCompileExec.dir/link.txt --verbose=1
/usr/bin/gcc      -Wl,-search_paths_first -headerpad_max_install_names  CMakeFiles/cmTryCompileExec.dir/testCCompiler.c.o  -o cmTryCompileExec  
gmake[1]: Leaving directory `/Users/kail/imClever/dev/virtualSkin/xcode/CMakeFiles/CMakeTmp'


Detecting C compiler ABI info compiled with the following output:
Change Dir: /Users/kail/imClever/dev/virtualSkin/xcode/CMakeFiles/CMakeTmp

Run Build Command:/opt/local/bin/gmake "cmTryCompileExec/fast"
/opt/local/bin/gmake -f CMakeFiles/cmTryCompileExec.dir/build.make CMakeFiles/cmTryCompileExec.dir/build
gmake[1]: Entering directory `/Users/kail/imClever/dev/virtualSkin/xcode/CMakeFiles/CMakeTmp'
/opt/local/bin/cmake -E cmake_progress_report /Users/kail/imClever/dev/virtualSkin/xcode/CMakeFiles/CMakeTmp/CMakeFiles 1
Building C object CMakeFiles/cmTryCompileExec.dir/CMakeCCompilerABI.c.o
/usr/bin/gcc    -o CMakeFiles/cmTryCompileExec.dir/CMakeCCompilerABI.c.o   -c /opt/local/share/cmake-2.8/Modules/CMakeCCompilerABI.c
Linking C executable cmTryCompileExec
/opt/local/bin/cmake -E cmake_link_script CMakeFiles/cmTryCompileExec.dir/link.txt --verbose=1
/usr/bin/gcc      -Wl,-search_paths_first -headerpad_max_install_names -v CMakeFiles/cmTryCompileExec.dir/CMakeCCompilerABI.c.o  -o cmTryCompileExec   
Using built-in specs.
Target: i686-apple-darwin9
Configured with: /var/tmp/gcc/gcc-5493~1/src/configure --disable-checking -enable-werror --prefix=/usr --mandir=/share/man --enable-languages=c,objc,c++,obj-c++ --program-transform-name=/^[cg][^.-]*$/s/$/-4.0/ --with-gxx-include-dir=/include/c++/4.0.0 --with-slibdir=/usr/lib --build=i686-apple-darwin9 --with-arch=apple --with-tune=generic --host=i686-apple-darwin9 --target=i686-apple-darwin9
Thread model: posix
gcc version 4.0.1 (Apple Inc. build 5493)
 /usr/libexec/gcc/i686-apple-darwin9/4.0.1/collect2 -dynamic -arch i386 -headerpad_max_install_names -macosx_version_min 10.5.8 -weak_reference_mismatches non-weak -o cmTryCompileExec -lcrt1.10.5.o -L/usr/lib/i686-apple-darwin9/4.0.1 -L/usr/lib/gcc/i686-apple-darwin9/4.0.1 -L/usr/lib/gcc/i686-apple-darwin9/4.0.1 -L/usr/lib/gcc/i686-apple-darwin9/4.0.1/../../../i686-apple-darwin9/4.0.1 -L/usr/lib/gcc/i686-apple-darwin9/4.0.1/../../.. -search_paths_first CMakeFiles/cmTryCompileExec.dir/CMakeCCompilerABI.c.o -lgcc_s.10.5 -lgcc -lSystem
gmake[1]: Leaving directory `/Users/kail/imClever/dev/virtualSkin/xcode/CMakeFiles/CMakeTmp'


Parsed C implicit link information from above output:
  link line regex: [^( *|.*[/\])(ld|ld|collect2)[^/\]*( |$)]
  ignore line: [Change Dir: /Users/kail/imClever/dev/virtualSkin/xcode/CMakeFiles/CMakeTmp]
  ignore line: []
  ignore line: [Run Build Command:/opt/local/bin/gmake "cmTryCompileExec/fast"]
  ignore line: [/opt/local/bin/gmake -f CMakeFiles/cmTryCompileExec.dir/build.make CMakeFiles/cmTryCompileExec.dir/build]
  ignore line: [gmake[1]: Entering directory `/Users/kail/imClever/dev/virtualSkin/xcode/CMakeFiles/CMakeTmp']
  ignore line: [/opt/local/bin/cmake -E cmake_progress_report /Users/kail/imClever/dev/virtualSkin/xcode/CMakeFiles/CMakeTmp/CMakeFiles 1]
  ignore line: [Building C object CMakeFiles/cmTryCompileExec.dir/CMakeCCompilerABI.c.o]
  ignore line: [/usr/bin/gcc    -o CMakeFiles/cmTryCompileExec.dir/CMakeCCompilerABI.c.o   -c /opt/local/share/cmake-2.8/Modules/CMakeCCompilerABI.c]
  ignore line: [Linking C executable cmTryCompileExec]
  ignore line: [/opt/local/bin/cmake -E cmake_link_script CMakeFiles/cmTryCompileExec.dir/link.txt --verbose=1]
  ignore line: [/usr/bin/gcc      -Wl,-search_paths_first -headerpad_max_install_names -v CMakeFiles/cmTryCompileExec.dir/CMakeCCompilerABI.c.o  -o cmTryCompileExec   ]
  ignore line: [Using built-in specs.]
  ignore line: [Target: i686-apple-darwin9]
  ignore line: [Configured with: /var/tmp/gcc/gcc-5493~1/src/configure --disable-checking -enable-werror --prefix=/usr --mandir=/share/man --enable-languages=c,objc,c++,obj-c++ --program-transform-name=/^[cg][^.-]*$/s/$/-4.0/ --with-gxx-include-dir=/include/c++/4.0.0 --with-slibdir=/usr/lib --build=i686-apple-darwin9 --with-arch=apple --with-tune=generic --host=i686-apple-darwin9 --target=i686-apple-darwin9]
  ignore line: [Thread model: posix]
  ignore line: [gcc version 4.0.1 (Apple Inc. build 5493)]
  link line: [ /usr/libexec/gcc/i686-apple-darwin9/4.0.1/collect2 -dynamic -arch i386 -headerpad_max_install_names -macosx_version_min 10.5.8 -weak_reference_mismatches non-weak -o cmTryCompileExec -lcrt1.10.5.o -L/usr/lib/i686-apple-darwin9/4.0.1 -L/usr/lib/gcc/i686-apple-darwin9/4.0.1 -L/usr/lib/gcc/i686-apple-darwin9/4.0.1 -L/usr/lib/gcc/i686-apple-darwin9/4.0.1/../../../i686-apple-darwin9/4.0.1 -L/usr/lib/gcc/i686-apple-darwin9/4.0.1/../../.. -search_paths_first CMakeFiles/cmTryCompileExec.dir/CMakeCCompilerABI.c.o -lgcc_s.10.5 -lgcc -lSystem]
    arg [/usr/libexec/gcc/i686-apple-darwin9/4.0.1/collect2] ==> ignore
    arg [-dynamic] ==> ignore
    arg [-arch] ==> ignore
    arg [i386] ==> ignore
    arg [-headerpad_max_install_names] ==> ignore
    arg [-macosx_version_min] ==> ignore
    arg [10.5.8] ==> ignore
    arg [-weak_reference_mismatches] ==> ignore
    arg [non-weak] ==> ignore
    arg [-o] ==> ignore
    arg [cmTryCompileExec] ==> ignore
    arg [-lcrt1.10.5.o] ==> lib [crt1.10.5.o]
    arg [-L/usr/lib/i686-apple-darwin9/4.0.1] ==> dir [/usr/lib/i686-apple-darwin9/4.0.1]
    arg [-L/usr/lib/gcc/i686-apple-darwin9/4.0.1] ==> dir [/usr/lib/gcc/i686-apple-darwin9/4.0.1]
    arg [-L/usr/lib/gcc/i686-apple-darwin9/4.0.1] ==> dir [/usr/lib/gcc/i686-apple-darwin9/4.0.1]
    arg [-L/usr/lib/gcc/i686-apple-darwin9/4.0.1/../../../i686-apple-darwin9/4.0.1] ==> dir [/usr/lib/gcc/i686-apple-darwin9/4.0.1/../../../i686-apple-darwin9/4.0.1]
    arg [-L/usr/lib/gcc/i686-apple-darwin9/4.0.1/../../..] ==> dir [/usr/lib/gcc/i686-apple-darwin9/4.0.1/../../..]
    arg [-search_paths_first] ==> ignore
    arg [CMakeFiles/cmTryCompileExec.dir/CMakeCCompilerABI.c.o] ==> ignore
    arg [-lgcc_s.10.5] ==> lib [gcc_s.10.5]
    arg [-lgcc] ==> lib [gcc]
    arg [-lSystem] ==> lib [System]
  remove lib [crt1.10.5.o]
  remove lib [gcc_s.10.5]
  remove lib [gcc]
  remove lib [System]
  collapse dir [/usr/lib/i686-apple-darwin9/4.0.1] ==> [/usr/lib/i686-apple-darwin9/4.0.1]
  collapse dir [/usr/lib/gcc/i686-apple-darwin9/4.0.1] ==> [/usr/lib/gcc/i686-apple-darwin9/4.0.1]
  collapse dir [/usr/lib/gcc/i686-apple-darwin9/4.0.1] ==> [/usr/lib/gcc/i686-apple-darwin9/4.0.1]
  collapse dir [/usr/lib/gcc/i686-apple-darwin9/4.0.1/../../../i686-apple-darwin9/4.0.1] ==> [/usr/lib/i686-apple-darwin9/4.0.1]
  collapse dir [/usr/lib/gcc/i686-apple-darwin9/4.0.1/../../..] ==> [/usr/lib]
  implicit libs: []
  implicit dirs: [/usr/lib/i686-apple-darwin9/4.0.1;/usr/lib/gcc/i686-apple-darwin9/4.0.1;/usr/lib]


Determining if the CXX compiler works passed with the following output:
Change Dir: /Users/kail/imClever/dev/virtualSkin/xcode/CMakeFiles/CMakeTmp

Run Build Command:/opt/local/bin/gmake "cmTryCompileExec/fast"
/opt/local/bin/gmake -f CMakeFiles/cmTryCompileExec.dir/build.make CMakeFiles/cmTryCompileExec.dir/build
gmake[1]: Entering directory `/Users/kail/imClever/dev/virtualSkin/xcode/CMakeFiles/CMakeTmp'
/opt/local/bin/cmake -E cmake_progress_report /Users/kail/imClever/dev/virtualSkin/xcode/CMakeFiles/CMakeTmp/CMakeFiles 1
Building CXX object CMakeFiles/cmTryCompileExec.dir/testCXXCompiler.cxx.o
/usr/bin/c++     -o CMakeFiles/cmTryCompileExec.dir/testCXXCompiler.cxx.o -c /Users/kail/imClever/dev/virtualSkin/xcode/CMakeFiles/CMakeTmp/testCXXCompiler.cxx
Linking CXX executable cmTryCompileExec
/opt/local/bin/cmake -E cmake_link_script CMakeFiles/cmTryCompileExec.dir/link.txt --verbose=1
/usr/bin/c++       -Wl,-search_paths_first -headerpad_max_install_names  CMakeFiles/cmTryCompileExec.dir/testCXXCompiler.cxx.o  -o cmTryCompileExec  
gmake[1]: Leaving directory `/Users/kail/imClever/dev/virtualSkin/xcode/CMakeFiles/CMakeTmp'


Detecting CXX compiler ABI info compiled with the following output:
Change Dir: /Users/kail/imClever/dev/virtualSkin/xcode/CMakeFiles/CMakeTmp

Run Build Command:/opt/local/bin/gmake "cmTryCompileExec/fast"
/opt/local/bin/gmake -f CMakeFiles/cmTryCompileExec.dir/build.make CMakeFiles/cmTryCompileExec.dir/build
gmake[1]: Entering directory `/Users/kail/imClever/dev/virtualSkin/xcode/CMakeFiles/CMakeTmp'
/opt/local/bin/cmake -E cmake_progress_report /Users/kail/imClever/dev/virtualSkin/xcode/CMakeFiles/CMakeTmp/CMakeFiles 1
Building CXX object CMakeFiles/cmTryCompileExec.dir/CMakeCXXCompilerABI.cpp.o
/usr/bin/c++     -o CMakeFiles/cmTryCompileExec.dir/CMakeCXXCompilerABI.cpp.o -c /opt/local/share/cmake-2.8/Modules/CMakeCXXCompilerABI.cpp
Linking CXX executable cmTryCompileExec
/opt/local/bin/cmake -E cmake_link_script CMakeFiles/cmTryCompileExec.dir/link.txt --verbose=1
/usr/bin/c++       -Wl,-search_paths_first -headerpad_max_install_names -v CMakeFiles/cmTryCompileExec.dir/CMakeCXXCompilerABI.cpp.o  -o cmTryCompileExec   
Using built-in specs.
Target: i686-apple-darwin9
Configured with: /var/tmp/gcc/gcc-5493~1/src/configure --disable-checking -enable-werror --prefix=/usr --mandir=/share/man --enable-languages=c,objc,c++,obj-c++ --program-transform-name=/^[cg][^.-]*$/s/$/-4.0/ --with-gxx-include-dir=/include/c++/4.0.0 --with-slibdir=/usr/lib --build=i686-apple-darwin9 --with-arch=apple --with-tune=generic --host=i686-apple-darwin9 --target=i686-apple-darwin9
Thread model: posix
gcc version 4.0.1 (Apple Inc. build 5493)
 /usr/libexec/gcc/i686-apple-darwin9/4.0.1/collect2 -dynamic -arch i386 -headerpad_max_install_names -macosx_version_min 10.5.8 -weak_reference_mismatches non-weak -o cmTryCompileExec -lcrt1.10.5.o -L/usr/lib/i686-apple-darwin9/4.0.1 -L/usr/lib/gcc/i686-apple-darwin9/4.0.1 -L/usr/lib/gcc/i686-apple-darwin9/4.0.1 -L/usr/lib/gcc/i686-apple-darwin9/4.0.1/../../../i686-apple-darwin9/4.0.1 -L/usr/lib/gcc/i686-apple-darwin9/4.0.1/../../.. -search_paths_first CMakeFiles/cmTryCompileExec.dir/CMakeCXXCompilerABI.cpp.o -lstdc++ -lgcc_s.10.5 -lgcc -lSystem
gmake[1]: Leaving directory `/Users/kail/imClever/dev/virtualSkin/xcode/CMakeFiles/CMakeTmp'


Parsed CXX implicit link information from above output:
  link line regex: [^( *|.*[/\])(ld|ld|collect2)[^/\]*( |$)]
  ignore line: [Change Dir: /Users/kail/imClever/dev/virtualSkin/xcode/CMakeFiles/CMakeTmp]
  ignore line: []
  ignore line: [Run Build Command:/opt/local/bin/gmake "cmTryCompileExec/fast"]
  ignore line: [/opt/local/bin/gmake -f CMakeFiles/cmTryCompileExec.dir/build.make CMakeFiles/cmTryCompileExec.dir/build]
  ignore line: [gmake[1]: Entering directory `/Users/kail/imClever/dev/virtualSkin/xcode/CMakeFiles/CMakeTmp']
  ignore line: [/opt/local/bin/cmake -E cmake_progress_report /Users/kail/imClever/dev/virtualSkin/xcode/CMakeFiles/CMakeTmp/CMakeFiles 1]
  ignore line: [Building CXX object CMakeFiles/cmTryCompileExec.dir/CMakeCXXCompilerABI.cpp.o]
  ignore line: [/usr/bin/c++     -o CMakeFiles/cmTryCompileExec.dir/CMakeCXXCompilerABI.cpp.o -c /opt/local/share/cmake-2.8/Modules/CMakeCXXCompilerABI.cpp]
  ignore line: [Linking CXX executable cmTryCompileExec]
  ignore line: [/opt/local/bin/cmake -E cmake_link_script CMakeFiles/cmTryCompileExec.dir/link.txt --verbose=1]
  ignore line: [/usr/bin/c++       -Wl,-search_paths_first -headerpad_max_install_names -v CMakeFiles/cmTryCompileExec.dir/CMakeCXXCompilerABI.cpp.o  -o cmTryCompileExec   ]
  ignore line: [Using built-in specs.]
  ignore line: [Target: i686-apple-darwin9]
  ignore line: [Configured with: /var/tmp/gcc/gcc-5493~1/src/configure --disable-checking -enable-werror --prefix=/usr --mandir=/share/man --enable-languages=c,objc,c++,obj-c++ --program-transform-name=/^[cg][^.-]*$/s/$/-4.0/ --with-gxx-include-dir=/include/c++/4.0.0 --with-slibdir=/usr/lib --build=i686-apple-darwin9 --with-arch=apple --with-tune=generic --host=i686-apple-darwin9 --target=i686-apple-darwin9]
  ignore line: [Thread model: posix]
  ignore line: [gcc version 4.0.1 (Apple Inc. build 5493)]
  link line: [ /usr/libexec/gcc/i686-apple-darwin9/4.0.1/collect2 -dynamic -arch i386 -headerpad_max_install_names -macosx_version_min 10.5.8 -weak_reference_mismatches non-weak -o cmTryCompileExec -lcrt1.10.5.o -L/usr/lib/i686-apple-darwin9/4.0.1 -L/usr/lib/gcc/i686-apple-darwin9/4.0.1 -L/usr/lib/gcc/i686-apple-darwin9/4.0.1 -L/usr/lib/gcc/i686-apple-darwin9/4.0.1/../../../i686-apple-darwin9/4.0.1 -L/usr/lib/gcc/i686-apple-darwin9/4.0.1/../../.. -search_paths_first CMakeFiles/cmTryCompileExec.dir/CMakeCXXCompilerABI.cpp.o -lstdc++ -lgcc_s.10.5 -lgcc -lSystem]
    arg [/usr/libexec/gcc/i686-apple-darwin9/4.0.1/collect2] ==> ignore
    arg [-dynamic] ==> ignore
    arg [-arch] ==> ignore
    arg [i386] ==> ignore
    arg [-headerpad_max_install_names] ==> ignore
    arg [-macosx_version_min] ==> ignore
    arg [10.5.8] ==> ignore
    arg [-weak_reference_mismatches] ==> ignore
    arg [non-weak] ==> ignore
    arg [-o] ==> ignore
    arg [cmTryCompileExec] ==> ignore
    arg [-lcrt1.10.5.o] ==> lib [crt1.10.5.o]
    arg [-L/usr/lib/i686-apple-darwin9/4.0.1] ==> dir [/usr/lib/i686-apple-darwin9/4.0.1]
    arg [-L/usr/lib/gcc/i686-apple-darwin9/4.0.1] ==> dir [/usr/lib/gcc/i686-apple-darwin9/4.0.1]
    arg [-L/usr/lib/gcc/i686-apple-darwin9/4.0.1] ==> dir [/usr/lib/gcc/i686-apple-darwin9/4.0.1]
    arg [-L/usr/lib/gcc/i686-apple-darwin9/4.0.1/../../../i686-apple-darwin9/4.0.1] ==> dir [/usr/lib/gcc/i686-apple-darwin9/4.0.1/../../../i686-apple-darwin9/4.0.1]
    arg [-L/usr/lib/gcc/i686-apple-darwin9/4.0.1/../../..] ==> dir [/usr/lib/gcc/i686-apple-darwin9/4.0.1/../../..]
    arg [-search_paths_first] ==> ignore
    arg [CMakeFiles/cmTryCompileExec.dir/CMakeCXXCompilerABI.cpp.o] ==> ignore
    arg [-lstdc++] ==> lib [stdc++]
    arg [-lgcc_s.10.5] ==> lib [gcc_s.10.5]
    arg [-lgcc] ==> lib [gcc]
    arg [-lSystem] ==> lib [System]
  remove lib [crt1.10.5.o]
  remove lib [gcc_s.10.5]
  remove lib [gcc]
  remove lib [System]
  collapse dir [/usr/lib/i686-apple-darwin9/4.0.1] ==> [/usr/lib/i686-apple-darwin9/4.0.1]
  collapse dir [/usr/lib/gcc/i686-apple-darwin9/4.0.1] ==> [/usr/lib/gcc/i686-apple-darwin9/4.0.1]
  collapse dir [/usr/lib/gcc/i686-apple-darwin9/4.0.1] ==> [/usr/lib/gcc/i686-apple-darwin9/4.0.1]
  collapse dir [/usr/lib/gcc/i686-apple-darwin9/4.0.1/../../../i686-apple-darwin9/4.0.1] ==> [/usr/lib/i686-apple-darwin9/4.0.1]
  collapse dir [/usr/lib/gcc/i686-apple-darwin9/4.0.1/../../..] ==> [/usr/lib]
  implicit libs: [stdc++]
  implicit dirs: [/usr/lib/i686-apple-darwin9/4.0.1;/usr/lib/gcc/i686-apple-darwin9/4.0.1;/usr/lib]


Determining if the Q_WS_MAC exist passed with the following output:
Change Dir: /Users/kail/imClever/dev/virtualSkin/xcode/CMakeFiles/CMakeTmp

Run Build Command:/opt/local/bin/gmake "cmTryCompileExec/fast"
/opt/local/bin/gmake -f CMakeFiles/cmTryCompileExec.dir/build.make CMakeFiles/cmTryCompileExec.dir/build
gmake[1]: Entering directory `/Users/kail/imClever/dev/virtualSkin/xcode/CMakeFiles/CMakeTmp'
/opt/local/bin/cmake -E cmake_progress_report /Users/kail/imClever/dev/virtualSkin/xcode/CMakeFiles/CMakeTmp/CMakeFiles 1
Building C object CMakeFiles/cmTryCompileExec.dir/CheckSymbolExists.c.o
/usr/bin/gcc   -F/Library/Frameworks   -o CMakeFiles/cmTryCompileExec.dir/CheckSymbolExists.c.o   -c /Users/kail/imClever/dev/virtualSkin/xcode/CMakeFiles/CMakeTmp/CheckSymbolExists.c
Linking C executable cmTryCompileExec
/opt/local/bin/cmake -E cmake_link_script CMakeFiles/cmTryCompileExec.dir/link.txt --verbose=1
/usr/bin/gcc     -F/Library/Frameworks -Wl,-search_paths_first -headerpad_max_install_names  CMakeFiles/cmTryCompileExec.dir/CheckSymbolExists.c.o  -o cmTryCompileExec  
gmake[1]: Leaving directory `/Users/kail/imClever/dev/virtualSkin/xcode/CMakeFiles/CMakeTmp'

File /Users/kail/imClever/dev/virtualSkin/xcode/CMakeFiles/CMakeTmp/CheckSymbolExists.c:
/* */
#include <QtCore/qglobal.h>

void cmakeRequireSymbol(int dummy,...){(void)dummy;}
int main()
{
#ifndef Q_WS_MAC
  cmakeRequireSymbol(0,&Q_WS_MAC);
#endif
  return 0;
}

